Using pre-set license
Built from '2021.2/staging' branch; Version is '2021.2.7f1 (6bd9e232123f) revision 7068130'; Using compiler version '192829333'; Build Type 'Release'
OS: 'Windows 11  (10.0.22000) 64bit Professional' Language: 'ru' Physical Memory: 24488 MB
BatchMode: 1, IsHumanControllingUs: 0, StartBugReporterOnCrash: 0, Is64bit: 1, IsPro: 0

COMMAND LINE ARGUMENTS:
E:\Program Files\Unity\2021.2.7f1\Editor\Unity.exe
-adb2
-batchMode
-noUpm
-name
AssetImportWorker1
-projectPath
D:/unity/ECSTemplate
-logFile
Logs/AssetImportWorker1.log
-srvPort
59737
Successfully changed project path to: D:/unity/ECSTemplate
D:/unity/ECSTemplate
[UnityMemory] Configuration Parameters - Can be set up in boot.config
    "memorysetup-bucket-allocator-granularity=16"
    "memorysetup-bucket-allocator-bucket-count=8"
    "memorysetup-bucket-allocator-block-size=33554432"
    "memorysetup-bucket-allocator-block-count=8"
    "memorysetup-main-allocator-block-size=16777216"
    "memorysetup-thread-allocator-block-size=16777216"
    "memorysetup-gfx-main-allocator-block-size=16777216"
    "memorysetup-gfx-thread-allocator-block-size=16777216"
    "memorysetup-cache-allocator-block-size=4194304"
    "memorysetup-typetree-allocator-block-size=2097152"
    "memorysetup-profiler-bucket-allocator-granularity=16"
    "memorysetup-profiler-bucket-allocator-bucket-count=8"
    "memorysetup-profiler-bucket-allocator-block-size=33554432"
    "memorysetup-profiler-bucket-allocator-block-count=8"
    "memorysetup-profiler-allocator-block-size=16777216"
    "memorysetup-profiler-editor-allocator-block-size=1048576"
    "memorysetup-temp-allocator-size-main=16777216"
    "memorysetup-job-temp-allocator-block-size=2097152"
    "memorysetup-job-temp-allocator-block-size-background=1048576"
    "memorysetup-job-temp-allocator-reduction-small-platforms=262144"
    "memorysetup-temp-allocator-size-background-worker=32768"
    "memorysetup-temp-allocator-size-job-worker=262144"
    "memorysetup-temp-allocator-size-preload-manager=33554432"
    "memorysetup-temp-allocator-size-nav-mesh-worker=65536"
    "memorysetup-temp-allocator-size-audio-worker=65536"
    "memorysetup-temp-allocator-size-cloud-worker=32768"
    "memorysetup-temp-allocator-size-gi-baking-worker=262144"
    "memorysetup-temp-allocator-size-gfx=262144"
Refreshing native plugins compatible for Editor in 43.67 ms, found 2 plugins.
Preloading 0 native plugins for Editor in 0.00 ms.
Initialize engine version: 2021.2.7f1 (6bd9e232123f)
[Subsystems] Discovering subsystems at path E:/Program Files/Unity/2021.2.7f1/Editor/Data/Resources/UnitySubsystems
[Subsystems] Discovering subsystems at path D:/unity/ECSTemplate/Assets
GfxDevice: creating device client; threaded=0; jobified=0
Direct3D:
    Version:  Direct3D 11.0 [level 11.1]
    Renderer: NVIDIA GeForce GTX 1060 3GB (ID=0x1c02)
    Vendor:   NVIDIA
    VRAM:     2988 MB
    Driver:   30.0.15.1123
Initialize mono
Mono path[0] = 'E:/Program Files/Unity/2021.2.7f1/Editor/Data/Managed'
Mono path[1] = 'E:/Program Files/Unity/2021.2.7f1/Editor/Data/MonoBleedingEdge/lib/mono/unityjit-win32'
Mono config path = 'E:/Program Files/Unity/2021.2.7f1/Editor/Data/MonoBleedingEdge/etc'
Using monoOptions --debugger-agent=transport=dt_socket,embedding=1,server=y,suspend=n,address=127.0.0.1:56032
Begin MonoManager ReloadAssembly
Registering precompiled unity dll's ...
Register platform support module: E:/Program Files/Unity/2021.2.7f1/Editor/Data/PlaybackEngines/WebGLSupport/UnityEditor.WebGL.Extensions.dll
Register platform support module: E:/Program Files/Unity/2021.2.7f1/Editor/Data/PlaybackEngines/WindowsStandaloneSupport/UnityEditor.WindowsStandalone.Extensions.dll
Registered in 0.002715 seconds.
Native extension for WindowsStandalone target not found
Native extension for WebGL target not found
Refreshing native plugins compatible for Editor in 39.95 ms, found 2 plugins.
Preloading 0 native plugins for Editor in 0.00 ms.
Mono: successfully reloaded assembly
- Completed reload, in  0.659 seconds
Domain Reload Profiling:
	ReloadAssembly (660ms)
		BeginReloadAssembly (79ms)
			ExecutionOrderSort (0ms)
			DisableScriptedObjects (0ms)
			BackupInstance (0ms)
			ReleaseScriptingObjects (0ms)
			CreateAndSetChildDomain (1ms)
		EndReloadAssembly (494ms)
			LoadAssemblies (78ms)
			RebuildTransferFunctionScriptingTraits (0ms)
			SetupTypeCache (124ms)
			ReleaseScriptCaches (0ms)
			RebuildScriptCaches (31ms)
			SetupLoadedEditorAssemblies (280ms)
				LogAssemblyErrors (0ms)
				InitializePlatformSupportModulesInManaged (19ms)
				SetLoadedEditorAssemblies (0ms)
				RefreshPlugins (40ms)
				BeforeProcessingInitializeOnLoad (1ms)
				ProcessInitializeOnLoadAttributes (162ms)
				ProcessInitializeOnLoadMethodAttributes (58ms)
				AfterProcessingInitializeOnLoad (0ms)
				EditorAssembliesLoaded (0ms)
			ExecutionOrderSort2 (0ms)
			AwakeInstancesAfterBackupRestoration (0ms)
Platform modules already initialized, skipping
Registering precompiled user dll's ...
Registered in 0.002793 seconds.
Begin MonoManager ReloadAssembly
Native extension for WindowsStandalone target not found
Native extension for WebGL target not found
Refreshing native plugins compatible for Editor in 0.42 ms, found 2 plugins.
Preloading 0 native plugins for Editor in 0.00 ms.
Mono: successfully reloaded assembly
- Completed reload, in  1.077 seconds
Domain Reload Profiling:
	ReloadAssembly (1078ms)
		BeginReloadAssembly (129ms)
			ExecutionOrderSort (0ms)
			DisableScriptedObjects (8ms)
			BackupInstance (0ms)
			ReleaseScriptingObjects (0ms)
			CreateAndSetChildDomain (24ms)
		EndReloadAssembly (836ms)
			LoadAssemblies (74ms)
			RebuildTransferFunctionScriptingTraits (0ms)
			SetupTypeCache (225ms)
			ReleaseScriptCaches (1ms)
			RebuildScriptCaches (52ms)
			SetupLoadedEditorAssemblies (432ms)
				LogAssemblyErrors (0ms)
				InitializePlatformSupportModulesInManaged (14ms)
				SetLoadedEditorAssemblies (1ms)
				RefreshPlugins (0ms)
				BeforeProcessingInitializeOnLoad (61ms)
				ProcessInitializeOnLoadAttributes (255ms)
				ProcessInitializeOnLoadMethodAttributes (98ms)
				AfterProcessingInitializeOnLoad (3ms)
				EditorAssembliesLoaded (0ms)
			ExecutionOrderSort2 (0ms)
			AwakeInstancesAfterBackupRestoration (7ms)
Platform modules already initialized, skipping
========================================================================
Worker process is ready to serve import requests
Launched and connected shader compiler UnityShaderCompiler.exe after 0.06 seconds
Refreshing native plugins compatible for Editor in 0.68 ms, found 2 plugins.
Preloading 0 native plugins for Editor in 0.00 ms.
Unloading 2054 Unused Serialized files (Serialized files now loaded: 0)
Unloading 19 unused Assets / (55.8 KB). Loaded Objects now: 2519.
Memory consumption went from 86.1 MB to 86.1 MB.
Total: 5.029700 ms (FindLiveObjects: 0.246400 ms CreateObjectMapping: 0.058100 ms MarkObjects: 4.633400 ms  DeleteObjects: 0.090100 ms)

AssetImportParameters requested are different than current active one (requested -> active):
  custom:video-decoder-ogg-theora: a1e56fd34408186e4bbccfd4996cb3dc -> 
  custom:container-muxer-webm: aa71ff27fc2769a1b78a27578f13a17b -> 
  custom:container-demuxer-webm: 4f35f7cbe854078d1ac9338744f61a02 -> 
  custom:video-encoder-webm-vp8: eb34c28f22e8b96e1ab97ce403110664 -> 
  custom:audio-encoder-webm-vorbis: bf7c407c2cedff20999df2af8eb42d56 -> 
  custom:framework-win-MediaFoundation: 216162199b28c13a410421893ffa2e32 -> 
  custom:container-demuxer-ogg: 62fdf1f143b41e24485cea50d1cbac27 -> 
  custom:video-decoder-webm-vp8: 9c59270c3fd7afecdb556c50c9e8de78 -> 
  custom:audio-decoder-ogg-vorbis: bf7c407c2cedff20999df2af8eb42d56 -> 
========================================================================
Received Prepare
Registering precompiled user dll's ...
Registered in 0.002577 seconds.
Begin MonoManager ReloadAssembly
Native extension for WindowsStandalone target not found
Native extension for WebGL target not found
Refreshing native plugins compatible for Editor in 0.45 ms, found 2 plugins.
Preloading 0 native plugins for Editor in 0.00 ms.
Mono: successfully reloaded assembly
- Completed reload, in  1.042 seconds
Domain Reload Profiling:
	ReloadAssembly (1042ms)
		BeginReloadAssembly (144ms)
			ExecutionOrderSort (0ms)
			DisableScriptedObjects (7ms)
			BackupInstance (0ms)
			ReleaseScriptingObjects (0ms)
			CreateAndSetChildDomain (35ms)
		EndReloadAssembly (788ms)
			LoadAssemblies (77ms)
			RebuildTransferFunctionScriptingTraits (0ms)
			SetupTypeCache (206ms)
			ReleaseScriptCaches (1ms)
			RebuildScriptCaches (48ms)
			SetupLoadedEditorAssemblies (350ms)
				LogAssemblyErrors (0ms)
				InitializePlatformSupportModulesInManaged (15ms)
				SetLoadedEditorAssemblies (0ms)
				RefreshPlugins (1ms)
				BeforeProcessingInitializeOnLoad (53ms)
				ProcessInitializeOnLoadAttributes (239ms)
				ProcessInitializeOnLoadMethodAttributes (39ms)
				AfterProcessingInitializeOnLoad (3ms)
				EditorAssembliesLoaded (0ms)
			ExecutionOrderSort2 (0ms)
			AwakeInstancesAfterBackupRestoration (46ms)
Platform modules already initialized, skipping
Refreshing native plugins compatible for Editor in 0.79 ms, found 2 plugins.
Preloading 0 native plugins for Editor in 0.00 ms.
Unloading 2027 Unused Serialized files (Serialized files now loaded: 0)
Unloading 14 unused Assets / (24.6 KB). Loaded Objects now: 2525.
Memory consumption went from 84.4 MB to 84.4 MB.
Total: 4.212100 ms (FindLiveObjects: 0.254700 ms CreateObjectMapping: 0.059900 ms MarkObjects: 3.875700 ms  DeleteObjects: 0.020300 ms)

AssetImportParameters requested are different than current active one (requested -> active):
  custom:video-decoder-ogg-theora: a1e56fd34408186e4bbccfd4996cb3dc -> 
  custom:container-muxer-webm: aa71ff27fc2769a1b78a27578f13a17b -> 
  custom:container-demuxer-webm: 4f35f7cbe854078d1ac9338744f61a02 -> 
  custom:video-encoder-webm-vp8: eb34c28f22e8b96e1ab97ce403110664 -> 
  custom:audio-encoder-webm-vorbis: bf7c407c2cedff20999df2af8eb42d56 -> 
  custom:framework-win-MediaFoundation: 216162199b28c13a410421893ffa2e32 -> 
  custom:container-demuxer-ogg: 62fdf1f143b41e24485cea50d1cbac27 -> 
  custom:video-decoder-webm-vp8: 9c59270c3fd7afecdb556c50c9e8de78 -> 
  custom:audio-decoder-ogg-vorbis: bf7c407c2cedff20999df2af8eb42d56 -> 
========================================================================
Received Prepare
Registering precompiled user dll's ...
Registered in 0.002782 seconds.
Begin MonoManager ReloadAssembly
The file 'MemoryStream' is corrupted! Remove it and launch unity again!
[Position out of bounds!]
Fatal Error! The file 'MemoryStream' is corrupted! Remove it and launch unity again!
[Position out of bounds!]
Crash!!!
SymInit: Symbol-SearchPath: 'E:/Program Files/Unity/2021.2.7f1/Editor/Data/Mono;.;D:\unity\ECSTemplate;D:\unity\ECSTemplate\Library\BurstCache\JIT;E:\Program Files\Unity\2021.2.7f1\Editor;C:\WINDOWS;C:\WINDOWS\system32;SRV*C:\websymbols*http://msdl.microsoft.com/download/symbols;', symOptions: 534, UserName: 'Крампит Максим'
OS-Version: 10.0.0
E:\Program Files\Unity\2021.2.7f1\Editor\Unity.exe:Unity.exe (00007FF628DB0000), size: 72974336 (result: 0), SymType: '-deferred-', PDB: '', fileVersion: 2021.2.7.55778
C:\WINDOWS\SYSTEM32\ntdll.dll:ntdll.dll (00007FFDD6EC0000), size: 2134016 (result: 0), SymType: '-deferred-', PDB: '', fileVersion: 10.0.22000.469
C:\WINDOWS\System32\KERNEL32.DLL:KERNEL32.DLL (00007FFDD5090000), size: 774144 (result: 0), SymType: '-deferred-', PDB: '', fileVersion: 10.0.22000.434
C:\WINDOWS\System32\KERNELBASE.dll:KERNELBASE.dll (00007FFDD49B0000), size: 3620864 (result: 0), SymType: '-deferred-', PDB: '', fileVersion: 10.0.22000.434
C:\WINDOWS\System32\CRYPT32.dll:CRYPT32.dll (00007FFDD4590000), size: 1449984 (result: 0), SymType: '-deferred-', PDB: '', fileVersion: 10.0.22000.348
C:\WINDOWS\System32\ucrtbase.dll:ucrtbase.dll (00007FFDD4470000), size: 1118208 (result: 0), SymType: '-deferred-', PDB: '', fileVersion: 10.0.22000.1
C:\WINDOWS\System32\USER32.dll:USER32.dll (00007FFDD5D10000), size: 1753088 (result: 0), SymType: '-deferred-', PDB: '', fileVersion: 10.0.22000.282
E:\Program Files\Unity\2021.2.7f1\Editor\libfbxsdk.dll:libfbxsdk.dll (00007FFD75CD0000), size: 10215424 (result: 0), SymType: '-deferred-', PDB: '', fileVersion: 2020.2.0.0
E:\Program Files\Unity\2021.2.7f1\Editor\s3tcompress.dll:s3tcompress.dll (00007FFDC67B0000), size: 180224 (result: 0), SymType: '-deferred-', PDB: ''
E:\Program Files\Unity\2021.2.7f1\Editor\optix.6.0.0.dll:optix.6.0.0.dll (00007FFDC5990000), size: 208896 (result: 0), SymType: '-deferred-', PDB: '', fileVersion: 6.0.0.0
C:\WINDOWS\System32\win32u.dll:win32u.dll (00007FFDD4440000), size: 155648 (result: 0), SymType: '-deferred-', PDB: '', fileVersion: 10.0.22000.434
E:\Program Files\Unity\2021.2.7f1\Editor\etccompress.dll:etccompress.dll (00007FFD8DD30000), size: 5066752 (result: 0), SymType: '-deferred-', PDB: ''
C:\WINDOWS\System32\GDI32.dll:GDI32.dll (00007FFDD6CF0000), size: 167936 (result: 0), SymType: '-deferred-', PDB: '', fileVersion: 10.0.22000.1
E:\Program Files\Unity\2021.2.7f1\Editor\ispc_texcomp.dll:ispc_texcomp.dll (00007FFDB5A70000), size: 1740800 (result: 0), SymType: '-deferred-', PDB: ''
C:\WINDOWS\System32\gdi32full.dll:gdi32full.dll (00007FFDD4780000), size: 1122304 (result: 0), SymType: '-deferred-', PDB: '', fileVersion: 10.0.22000.469
C:\WINDOWS\System32\msvcp_win.dll:msvcp_win.dll (00007FFDD48A0000), size: 643072 (result: 0), SymType: '-deferred-', PDB: '', fileVersion: 10.0.22000.1
E:\Program Files\Unity\2021.2.7f1\Editor\compress_bc7e.dll:compress_bc7e.dll (00007FFDA1830000), size: 1441792 (result: 0), SymType: '-deferred-', PDB: ''
C:\WINDOWS\System32\ADVAPI32.dll:ADVAPI32.dll (00007FFDD5330000), size: 712704 (result: 0), SymType: '-deferred-', PDB: '', fileVersion: 10.0.22000.434
E:\Program Files\Unity\2021.2.7f1\Editor\FreeImage.dll:FreeImage.dll (0000000180000000), size: 6582272 (result: 0), SymType: '-deferred-', PDB: '', fileVersion: 3.18.0.0
E:\Program Files\Unity\2021.2.7f1\Editor\OpenImageDenoise.dll:OpenImageDenoise.dll (00007FFD6AD20000), size: 35123200 (result: 0), SymType: '-deferred-', PDB: '', fileVersion: 1.3.0.0
C:\WINDOWS\System32\msvcrt.dll:msvcrt.dll (00007FFDD6750000), size: 667648 (result: 0), SymType: '-deferred-', PDB: '', fileVersion: 7.0.22000.1
E:\Program Files\Unity\2021.2.7f1\Editor\WinPixEventRuntime.dll:WinPixEventRuntime.dll (00007FFDD0EA0000), size: 45056 (result: 0), SymType: '-deferred-', PDB: '', fileVersion: 1.0.1812.6001
C:\WINDOWS\System32\sechost.dll:sechost.dll (00007FFDD4F70000), size: 647168 (result: 0), SymType: '-deferred-', PDB: '', fileVersion: 10.0.22000.434
C:\WINDOWS\System32\WS2_32.dll:WS2_32.dll (00007FFDD6DD0000), size: 454656 (result: 0), SymType: '-deferred-', PDB: '', fileVersion: 10.0.22000.1
C:\WINDOWS\System32\RPCRT4.dll:RPCRT4.dll (00007FFDD6340000), size: 1179648 (result: 0), SymType: '-deferred-', PDB: '', fileVersion: 10.0.22000.434
E:\Program Files\Unity\2021.2.7f1\Editor\umbraoptimizer64.dll:umbraoptimizer64.dll (00007FFD9FC50000), size: 1187840 (result: 0), SymType: '-deferred-', PDB: ''
C:\WINDOWS\System32\SHELL32.dll:SHELL32.dll (00007FFDD5500000), size: 8052736 (result: 0), SymType: '-deferred-', PDB: '', fileVersion: 10.0.22000.469
C:\WINDOWS\System32\SHLWAPI.dll:SHLWAPI.dll (00007FFDD4F10000), size: 380928 (result: 0), SymType: '-deferred-', PDB: '', fileVersion: 10.0.22000.1
E:\Program Files\Unity\2021.2.7f1\Editor\tbb12.dll:tbb12.dll (00007FFDB2600000), size: 389120 (result: 0), SymType: '-deferred-', PDB: ''
C:\WINDOWS\System32\ole32.dll:ole32.dll (00007FFDD6470000), size: 1679360 (result: 0), SymType: '-deferred-', PDB: '', fileVersion: 10.0.22000.120
C:\WINDOWS\SYSTEM32\VCRUNTIME140.dll:VCRUNTIME140.dll (00007FFDC1260000), size: 110592 (result: 0), SymType: '-deferred-', PDB: '', fileVersion: 14.29.30133.0
C:\WINDOWS\SYSTEM32\MSVCP140.dll:MSVCP140.dll (00007FFDC11B0000), size: 577536 (result: 0), SymType: '-deferred-', PDB: '', fileVersion: 14.29.30133.0
C:\WINDOWS\System32\combase.dll:combase.dll (00007FFDD5ED0000), size: 3637248 (result: 0), SymType: '-deferred-', PDB: '', fileVersion: 10.0.22000.282
C:\WINDOWS\System32\IMM32.dll:IMM32.dll (00007FFDD6610000), size: 200704 (result: 0), SymType: '-deferred-', PDB: '', fileVersion: 10.0.22000.1
C:\WINDOWS\System32\SETUPAPI.dll:SETUPAPI.dll (00007FFDD6880000), size: 4636672 (result: 0), SymType: '-deferred-', PDB: '', fileVersion: 10.0.22000.469
C:\WINDOWS\SYSTEM32\VCRUNTIME140_1.dll:VCRUNTIME140_1.dll (00007FFDC1140000), size: 49152 (result: 0), SymType: '-deferred-', PDB: '', fileVersion: 14.29.30133.0
C:\WINDOWS\System32\OLEAUT32.dll:OLEAUT32.dll (00007FFDD6670000), size: 876544 (result: 0), SymType: '-deferred-', PDB: '', fileVersion: 10.0.22000.1
C:\WINDOWS\System32\WINTRUST.dll:WINTRUST.dll (00007FFDD4940000), size: 421888 (result: 0), SymType: '-deferred-', PDB: '', fileVersion: 10.0.22000.469
C:\WINDOWS\SYSTEM32\OPENGL32.dll:OPENGL32.dll (00007FFD95F20000), size: 1052672 (result: 0), SymType: '-deferred-', PDB: '', fileVersion: 10.0.22000.41
C:\WINDOWS\SYSTEM32\GLU32.dll:GLU32.dll (00007FFDA7E50000), size: 184320 (result: 0), SymType: '-deferred-', PDB: '', fileVersion: 10.0.22000.41
C:\WINDOWS\SYSTEM32\IPHLPAPI.DLL:IPHLPAPI.DLL (00007FFDD30A0000), size: 184320 (result: 0), SymType: '-deferred-', PDB: '', fileVersion: 10.0.22000.282
C:\WINDOWS\SYSTEM32\WINHTTP.dll:WINHTTP.dll (00007FFDCED60000), size: 1097728 (result: 0), SymType: '-deferred-', PDB: '', fileVersion: 10.0.22000.1
C:\WINDOWS\SYSTEM32\WINMM.dll:WINMM.dll (00007FFDCB8A0000), size: 208896 (result: 0), SymType: '-deferred-', PDB: '', fileVersion: 10.0.22000.1
C:\WINDOWS\SYSTEM32\bcrypt.dll:bcrypt.dll (00007FFDD3D60000), size: 159744 (result: 0), SymType: '-deferred-', PDB: '', fileVersion: 10.0.22000.1
C:\WINDOWS\SYSTEM32\HID.DLL:HID.DLL (00007FFDD2D70000), size: 57344 (result: 0), SymType: '-deferred-', PDB: '', fileVersion: 10.0.22000.1
E:\Program Files\Unity\2021.2.7f1\Editor\RadeonImageFilters.dll:RadeonImageFilters.dll (00007FFD97360000), size: 2961408 (result: 0), SymType: '-deferred-', PDB: '', fileVersion: 1.7.0.0
C:\WINDOWS\SYSTEM32\dwmapi.dll:dwmapi.dll (00007FFDD1E70000), size: 192512 (result: 0), SymType: '-deferred-', PDB: '', fileVersion: 10.0.22000.41
E:\Program Files\Unity\2021.2.7f1\Editor\SketchUpAPI.dll:SketchUpAPI.dll (00007FFD6A440000), size: 9306112 (result: 0), SymType: '-deferred-', PDB: '', fileVersion: 20.2.172.0
C:\WINDOWS\SYSTEM32\VERSION.dll:VERSION.dll (00007FFDCD300000), size: 40960 (result: 0), SymType: '-deferred-', PDB: '', fileVersion: 10.0.22000.1
C:\WINDOWS\SYSTEM32\WSOCK32.dll:WSOCK32.dll (00007FFDBF750000), size: 36864 (result: 0), SymType: '-deferred-', PDB: '', fileVersion: 10.0.22000.1
E:\Program Files\Unity\2021.2.7f1\Editor\RadeonML.dll:RadeonML.dll (00007FFDC6790000), size: 94208 (result: 0), SymType: '-deferred-', PDB: '', fileVersion: 0.9.11.0
E:\Program Files\Unity\2021.2.7f1\Editor\SketchUpCommonPreferences.dll:SketchUpCommonPreferences.dll (00007FFDAAA50000), size: 479232 (result: 0), SymType: '-deferred-', PDB: '', fileVersion: 20.2.172.37
C:\WINDOWS\SYSTEM32\dxcore.dll:dxcore.dll (00007FFDD1BD0000), size: 229376 (result: 0), SymType: '-deferred-', PDB: '', fileVersion: 10.0.22000.1
C:\WINDOWS\SYSTEM32\Secur32.dll:Secur32.dll (00007FFDBFB40000), size: 49152 (result: 0), SymType: '-deferred-', PDB: '', fileVersion: 10.0.22000.1
C:\WINDOWS\SYSTEM32\SSPICLI.DLL:SSPICLI.DLL (00007FFDD3790000), size: 270336 (result: 0), SymType: '-deferred-', PDB: '', fileVersion: 10.0.22000.434
E:\Program Files\Unity\2021.2.7f1\Editor\OpenRL.dll:OpenRL.dll (00000289F2550000), size: 12779520 (result: 0), SymType: '-deferred-', PDB: '', fileVersion: 1.5.0.2907
C:\WINDOWS\SYSTEM32\MSVCR100.dll:MSVCR100.dll (0000000064380000), size: 860160 (result: 0), SymType: '-deferred-', PDB: '', fileVersion: 10.0.40219.325
C:\WINDOWS\SYSTEM32\MSVCP100.dll:MSVCP100.dll (0000000064460000), size: 622592 (result: 0), SymType: '-deferred-', PDB: '', fileVersion: 10.0.40219.325
E:\Program Files\Unity\2021.2.7f1\Editor\embree.dll:embree.dll (00007FFD69450000), size: 16711680 (result: 0), SymType: '-deferred-', PDB: '', fileVersion: 2.14.0.0
C:\WINDOWS\SYSTEM32\cfgmgr32.DLL:cfgmgr32.DLL (00007FFDD4050000), size: 311296 (result: 0), SymType: '-deferred-', PDB: '', fileVersion: 10.0.22000.1
E:\Program Files\Unity\2021.2.7f1\Editor\tbb.dll:tbb.dll (00007FFDAA540000), size: 413696 (result: 0), SymType: '-deferred-', PDB: '', fileVersion: 2017.0.2016.1004
C:\WINDOWS\SYSTEM32\MSWSOCK.DLL:MSWSOCK.DLL (00007FFDD39A0000), size: 421888 (result: 0), SymType: '-deferred-', PDB: '', fileVersion: 10.0.22000.1
C:\WINDOWS\SYSTEM32\MSVCR120.dll:MSVCR120.dll (00007FFDBF280000), size: 978944 (result: 0), SymType: '-deferred-', PDB: '', fileVersion: 12.0.40664.0
C:\WINDOWS\SYSTEM32\MSVCP120.dll:MSVCP120.dll (00007FFDA8460000), size: 679936 (result: 0), SymType: '-deferred-', PDB: '', fileVersion: 12.0.40664.0
E:\Program Files\Unity\2021.2.7f1\Editor\OpenRL_pthread.dll:OpenRL_pthread.dll (00000289F31A0000), size: 61440 (result: 0), SymType: '-deferred-', PDB: '', fileVersion: 2.9.0.0
E:\Program Files\Unity\2021.2.7f1\Editor\tbbmalloc.dll:tbbmalloc.dll (00007FFDAF8C0000), size: 372736 (result: 0), SymType: '-deferred-', PDB: '', fileVersion: 2017.0.2016.1004
C:\WINDOWS\SYSTEM32\MSASN1.dll:MSASN1.dll (00007FFDD3C40000), size: 73728 (result: 0), SymType: '-deferred-', PDB: '', fileVersion: 10.0.22000.1
C:\WINDOWS\SYSTEM32\kernel.appcore.dll:kernel.appcore.dll (00007FFDD3570000), size: 98304 (result: 0), SymType: '-deferred-', PDB: '', fileVersion: 10.0.22000.71
C:\WINDOWS\System32\bcryptPrimitives.dll:bcryptPrimitives.dll (00007FFDD4700000), size: 520192 (result: 0), SymType: '-deferred-', PDB: '', fileVersion: 10.0.22000.376
C:\WINDOWS\system32\uxtheme.dll:uxtheme.dll (00007FFDD1AF0000), size: 704512 (result: 0), SymType: '-deferred-', PDB: '', fileVersion: 10.0.22000.120
C:\WINDOWS\System32\shcore.dll:shcore.dll (00007FFDD6250000), size: 958464 (result: 0), SymType: '-deferred-', PDB: '', fileVersion: 10.0.22000.71
C:\WINDOWS\SYSTEM32\windows.storage.dll:windows.storage.dll (00007FFDD2500000), size: 8810496 (result: 0), SymType: '-deferred-', PDB: '', fileVersion: 10.0.22000.469
C:\WINDOWS\SYSTEM32\wintypes.dll:wintypes.dll (00007FFDD2390000), size: 1466368 (result: 0), SymType: '-deferred-', PDB: '', fileVersion: 10.0.22000.41
C:\WINDOWS\SYSTEM32\profapi.dll:profapi.dll (00007FFDD42B0000), size: 135168 (result: 0), SymType: '-deferred-', PDB: '', fileVersion: 10.0.22000.1
C:\WINDOWS\system32\IconCodecService.dll:IconCodecService.dll (00007FFDAF160000), size: 36864 (result: 0), SymType: '-deferred-', PDB: '', fileVersion: 10.0.22000.1
C:\WINDOWS\SYSTEM32\WindowsCodecs.dll:WindowsCodecs.dll (00007FFDCDA00000), size: 1761280 (result: 0), SymType: '-deferred-', PDB: '', fileVersion: 10.0.22000.1
C:\WINDOWS\System32\clbcatq.dll:clbcatq.dll (00007FFDD6D20000), size: 716800 (result: 0), SymType: '-deferred-', PDB: '', fileVersion: 2001.12.10941.16384
C:\WINDOWS\System32\netprofm.dll:netprofm.dll (00007FFDD0100000), size: 462848 (result: 0), SymType: '-deferred-', PDB: '', fileVersion: 10.0.22000.65
C:\WINDOWS\System32\npmproxy.dll:npmproxy.dll (00007FFDCD390000), size: 73728 (result: 0), SymType: '-deferred-', PDB: '', fileVersion: 10.0.22000.65
C:\WINDOWS\System32\NSI.dll:NSI.dll (00007FFDD6460000), size: 36864 (result: 0), SymType: '-deferred-', PDB: '', fileVersion: 10.0.22000.1
C:\WINDOWS\SYSTEM32\dhcpcsvc6.DLL:dhcpcsvc6.DLL (00007FFDCF1F0000), size: 102400 (result: 0), SymType: '-deferred-', PDB: '', fileVersion: 10.0.22000.71
C:\WINDOWS\SYSTEM32\dhcpcsvc.DLL:dhcpcsvc.DLL (00007FFDCF390000), size: 122880 (result: 0), SymType: '-deferred-', PDB: '', fileVersion: 10.0.22000.71
C:\WINDOWS\SYSTEM32\DNSAPI.dll:DNSAPI.dll (00007FFDD30D0000), size: 946176 (result: 0), SymType: '-deferred-', PDB: '', fileVersion: 10.0.22000.282
C:\WINDOWS\System32\fwpuclnt.dll:fwpuclnt.dll (00007FFDCD5A0000), size: 528384 (result: 0), SymType: '-deferred-', PDB: '', fileVersion: 10.0.22000.438
C:\Windows\System32\rasadhlp.dll:rasadhlp.dll (00007FFDC2FE0000), size: 40960 (result: 0), SymType: '-deferred-', PDB: '', fileVersion: 10.0.22000.1
E:\Program Files\Unity\2021.2.7f1\Editor\NVUnityPlugin.DLL:NVUnityPlugin.DLL (00007FFD9C9F0000), size: 1536000 (result: 0), SymType: '-deferred-', PDB: ''
E:\Program Files\Unity\2021.2.7f1\Editor\Data\Tools\astcenc-avx2.dll:astcenc-avx2.dll (00007FFDA5870000), size: 561152 (result: 0), SymType: '-deferred-', PDB: ''
C:\WINDOWS\SYSTEM32\d3d11.dll:d3d11.dll (00007FFDCEAE0000), size: 2621440 (result: 0), SymType: '-deferred-', PDB: '', fileVersion: 10.0.22000.120
C:\WINDOWS\SYSTEM32\dxgi.dll:dxgi.dll (00007FFDD1C10000), size: 995328 (result: 0), SymType: '-deferred-', PDB: '', fileVersion: 10.0.22000.469
C:\WINDOWS\SYSTEM32\directxdatabasehelper.dll:directxdatabasehelper.dll (00007FFDD0190000), size: 278528 (result: 0), SymType: '-deferred-', PDB: '', fileVersion: 10.0.22000.1
C:\WINDOWS\SYSTEM32\ntmarta.dll:ntmarta.dll (00007FFDD1D40000), size: 212992 (result: 0), SymType: '-deferred-', PDB: '', fileVersion: 10.0.22000.1
C:\WINDOWS\System32\DriverStore\FileRepository\nv_dispig.inf_amd64_015fa42d67826549\nvldumdx.dll:nvldumdx.dll (00007FFDCBA20000), size: 1077248 (result: 0), SymType: '-deferred-', PDB: '', fileVersion: 30.0.15.1123
C:\WINDOWS\SYSTEM32\cryptnet.dll:cryptnet.dll (00007FFDCD1A0000), size: 200704 (result: 0), SymType: '-deferred-', PDB: '', fileVersion: 10.0.22000.1
C:\WINDOWS\SYSTEM32\drvstore.dll:drvstore.dll (00007FFDCB640000), size: 1347584 (result: 0), SymType: '-deferred-', PDB: '', fileVersion: 10.0.22000.120
C:\WINDOWS\SYSTEM32\devobj.dll:devobj.dll (00007FFDD40A0000), size: 180224 (result: 0), SymType: '-deferred-', PDB: '', fileVersion: 10.0.22000.1
C:\WINDOWS\SYSTEM32\wldp.dll:wldp.dll (00007FFDD3CB0000), size: 249856 (result: 0), SymType: '-deferred-', PDB: '', fileVersion: 10.0.22000.120
C:\WINDOWS\SYSTEM32\cryptbase.dll:cryptbase.dll (00007FFDD3C00000), size: 49152 (result: 0), SymType: '-deferred-', PDB: '', fileVersion: 10.0.22000.1
C:\WINDOWS\System32\imagehlp.dll:imagehlp.dll (00007FFDD6650000), size: 126976 (result: 0), SymType: '-deferred-', PDB: '', fileVersion: 10.0.22000.1
C:\WINDOWS\SYSTEM32\CRYPTSP.dll:CRYPTSP.dll (00007FFDD3BE0000), size: 98304 (result: 0), SymType: '-deferred-', PDB: '', fileVersion: 10.0.22000.1
C:\WINDOWS\system32\rsaenh.dll:rsaenh.dll (00007FFDD34D0000), size: 217088 (result: 0), SymType: '-deferred-', PDB: '', fileVersion: 10.0.22000.282
C:\WINDOWS\System32\DriverStore\FileRepository\nv_dispig.inf_amd64_015fa42d67826549\nvwgf2umx.dll:nvwgf2umx.dll (00007FFD90880000), size: 43171840 (result: 0), SymType: '-deferred-', PDB: '', fileVersion: 30.0.15.1123
C:\WINDOWS\system32\wbem\wbemprox.dll:wbemprox.dll (00007FFDCB890000), size: 65536 (result: 0), SymType: '-deferred-', PDB: '', fileVersion: 10.0.22000.1
C:\WINDOWS\SYSTEM32\wbemcomn.dll:wbemcomn.dll (00007FFDC7CB0000), size: 532480 (result: 0), SymType: '-deferred-', PDB: '', fileVersion: 10.0.22000.1
C:\WINDOWS\system32\wbem\wbemsvc.dll:wbemsvc.dll (00007FFDC5E40000), size: 81920 (result: 0), SymType: '-deferred-', PDB: '', fileVersion: 10.0.22000.1
C:\WINDOWS\system32\wbem\fastprox.dll:fastprox.dll (00007FFDC5FF0000), size: 1024000 (result: 0), SymType: '-deferred-', PDB: '', fileVersion: 10.0.22000.1
C:\WINDOWS\SYSTEM32\amsi.dll:amsi.dll (00007FFDC4F10000), size: 118784 (result: 0), SymType: '-deferred-', PDB: '', fileVersion: 10.0.22000.120
C:\WINDOWS\SYSTEM32\USERENV.dll:USERENV.dll (00007FFDD3A90000), size: 167936 (result: 0), SymType: '-deferred-', PDB: '', fileVersion: 10.0.22000.1
C:\Program Files (x86)\Kaspersky Lab\Kaspersky Free 21.3\x64\antimalware_provider.dll:antimalware_provider.dll (00007FFDC4CE0000), size: 2277376 (result: 0), SymType: '-deferred-', PDB: '', fileVersion: 30.587.0.880
E:\Program Files\Unity\2021.2.7f1\Editor\cudart64_90.dll:cudart64_90.dll (00007FFDA4970000), size: 397312 (result: 0), SymType: '-deferred-', PDB: '', fileVersion: 6.14.11.9000
C:\WINDOWS\SYSTEM32\opencl.dll:opencl.dll (00007FFD75730000), size: 1474560 (result: 0), SymType: '-deferred-', PDB: '', fileVersion: 3.0.1.0
E:\Program Files\Unity\2021.2.7f1\Editor\radeonrays.dll:radeonrays.dll (00007FFDA27B0000), size: 557056 (result: 0), SymType: '-deferred-', PDB: ''
E:\Program Files\Unity\2021.2.7f1\Editor\Data\MonoBleedingEdge\EmbedRuntime\mono-2.0-bdwgc.dll:mono-2.0-bdwgc.dll (00007FFD63D90000), size: 11177984 (result: 0), SymType: '-deferred-', PDB: ''
C:\WINDOWS\SYSTEM32\dbghelp.dll:dbghelp.dll (00007FFDCBCB0000), size: 2232320 (result: 0), SymType: '-deferred-', PDB: '', fileVersion: 10.0.22000.1

========== OUTPUTTING STACK TRACE ==================

0x00007FFDD49F478C (KERNELBASE) RaiseException
0x00007FF62A7D70DB (Unity) EditorMonoConsole::LogToConsoleImplementation
0x00007FF62A7D7BCD (Unity) EditorMonoConsole::LogToConsoleImplementation
0x00007FF62B3B36C7 (Unity) DebugStringToFilePostprocessedStacktrace
0x00007FF62B3B2E5D (Unity) DebugStringToFile
0x00007FF629A375B3 (Unity) CachedReader::OutOfBoundsError
0x00007FF629A38454 (Unity) CachedReader::UpdateReadCache
0x00007FF629D40AD9 (Unity) StreamedBinaryRead::TransferSTLStyleArray<ArrayOfManagedObjectsTransferer>
0x00007FF629D58508 (Unity) Transfer_ManagedObject<StreamedBinaryRead,1>
0x00007FF629D33160 (Unity) TransferField_LinearCollection<SafeBinaryRead>
0x00007FF629CB1636 (Unity) ExecuteSerializationCommands<JSONRead>
0x00007FF629CC9868 (Unity) <lambda_580fa16bd23d18c3e466e7b58feca0a1>::operator()
0x00007FF629CC4511 (Unity) TransferScriptingObject<StreamedBinaryRead>
0x00007FF629CC5A8C (Unity) SerializableManagedRefTransfer::TransferScriptingObjectWithSerializedRefSupport<StreamedBinaryRead>
0x00007FF629CDB2EE (Unity) SerializableManagedRefTransfer::TransferBinaryInstanceOnly
0x00007FF629CB2FCF (Unity) SerializableManagedRefTransfer::RestoreBackupImpl<SerializableManagedRefBackupGenerator>
0x00007FF629CB2DF5 (Unity) SerializableManagedRefTransfer::RestoreBackup<SerializableManagedRefBackupGenerator>
0x00007FF629D7A412 (Unity) SerializableManagedRefsUtilities::RestoreBackups
0x00007FF629CCE2D0 (Unity) MonoManager::EndReloadAssembly
0x00007FF629CD5D28 (Unity) MonoManager::ReloadAssembly
0x00007FF62ABEBF22 (Unity) LoadDomainAndUserAssemblies
0x00007FF62ABEC654 (Unity) LoadUserAssemblies
0x00007FF62B07BA58 (Unity) <lambda_c8aac203af85da22e031a8e6d38250eb>::operator()
0x00007FF62B110412 (Unity) asio::detail::completion_handler<core::mutable_function<void __cdecl(void)> >::do_complete
0x00007FF62B11269D (Unity) asio::detail::win_iocp_io_service::do_one
0x00007FF62B115ABE (Unity) asio::io_service::run
0x00007FF62B10E8B1 (Unity) IOService::Run
0x00007FF62B0A7FA8 (Unity) RunAssetImportWorkerClientV2
0x00007FF62B0A807B (Unity) RunAssetImporterV2
0x00007FF62A8EF690 (Unity) Application::InitializeProject
0x00007FF62AD3A7D8 (Unity) WinMain
0x00007FF62C04AAA2 (Unity) __scrt_common_main_seh
0x00007FFDD50A54E0 (KERNEL32) BaseThreadInitThunk
0x00007FFDD6EC485B (ntdll) RtlUserThreadStart

========== END OF STACKTRACE ===========

A crash has been intercepted by the crash handler. For call stack and other details, see the latest crash report generated in:
 * C:/Users/8851~1/AppData/Local/Temp/Unity/Editor/Crashes
