Using pre-set license
Built from '2021.2/staging' branch; Version is '2021.2.7f1 (6bd9e232123f) revision 7068130'; Using compiler version '192829333'; Build Type 'Release'
OS: 'Windows 11  (10.0.22000) 64bit Professional' Language: 'ru' Physical Memory: 24488 MB
BatchMode: 1, IsHumanControllingUs: 0, StartBugReporterOnCrash: 0, Is64bit: 1, IsPro: 0

COMMAND LINE ARGUMENTS:
E:\Program Files\Unity\2021.2.7f1\Editor\Unity.exe
-adb2
-batchMode
-noUpm
-name
AssetImportWorker2
-projectPath
D:/unity/ECSTemplate
-logFile
Logs/AssetImportWorker2.log
-srvPort
59737
Successfully changed project path to: D:/unity/ECSTemplate
D:/unity/ECSTemplate
[UnityMemory] Configuration Parameters - Can be set up in boot.config
    "memorysetup-bucket-allocator-granularity=16"
    "memorysetup-bucket-allocator-bucket-count=8"
    "memorysetup-bucket-allocator-block-size=33554432"
    "memorysetup-bucket-allocator-block-count=8"
    "memorysetup-main-allocator-block-size=16777216"
    "memorysetup-thread-allocator-block-size=16777216"
    "memorysetup-gfx-main-allocator-block-size=16777216"
    "memorysetup-gfx-thread-allocator-block-size=16777216"
    "memorysetup-cache-allocator-block-size=4194304"
    "memorysetup-typetree-allocator-block-size=2097152"
    "memorysetup-profiler-bucket-allocator-granularity=16"
    "memorysetup-profiler-bucket-allocator-bucket-count=8"
    "memorysetup-profiler-bucket-allocator-block-size=33554432"
    "memorysetup-profiler-bucket-allocator-block-count=8"
    "memorysetup-profiler-allocator-block-size=16777216"
    "memorysetup-profiler-editor-allocator-block-size=1048576"
    "memorysetup-temp-allocator-size-main=16777216"
    "memorysetup-job-temp-allocator-block-size=2097152"
    "memorysetup-job-temp-allocator-block-size-background=1048576"
    "memorysetup-job-temp-allocator-reduction-small-platforms=262144"
    "memorysetup-temp-allocator-size-background-worker=32768"
    "memorysetup-temp-allocator-size-job-worker=262144"
    "memorysetup-temp-allocator-size-preload-manager=33554432"
    "memorysetup-temp-allocator-size-nav-mesh-worker=65536"
    "memorysetup-temp-allocator-size-audio-worker=65536"
    "memorysetup-temp-allocator-size-cloud-worker=32768"
    "memorysetup-temp-allocator-size-gi-baking-worker=262144"
    "memorysetup-temp-allocator-size-gfx=262144"
Refreshing native plugins compatible for Editor in 42.41 ms, found 2 plugins.
Preloading 0 native plugins for Editor in 0.00 ms.
Initialize engine version: 2021.2.7f1 (6bd9e232123f)
[Subsystems] Discovering subsystems at path E:/Program Files/Unity/2021.2.7f1/Editor/Data/Resources/UnitySubsystems
[Subsystems] Discovering subsystems at path D:/unity/ECSTemplate/Assets
GfxDevice: creating device client; threaded=0; jobified=0
Direct3D:
    Version:  Direct3D 11.0 [level 11.1]
    Renderer: NVIDIA GeForce GTX 1060 3GB (ID=0x1c02)
    Vendor:   NVIDIA
    VRAM:     2988 MB
    Driver:   30.0.15.1123
Initialize mono
Mono path[0] = 'E:/Program Files/Unity/2021.2.7f1/Editor/Data/Managed'
Mono path[1] = 'E:/Program Files/Unity/2021.2.7f1/Editor/Data/MonoBleedingEdge/lib/mono/unityjit-win32'
Mono config path = 'E:/Program Files/Unity/2021.2.7f1/Editor/Data/MonoBleedingEdge/etc'
Using monoOptions --debugger-agent=transport=dt_socket,embedding=1,server=y,suspend=n,address=127.0.0.1:56456
Begin MonoManager ReloadAssembly
Registering precompiled unity dll's ...
Register platform support module: E:/Program Files/Unity/2021.2.7f1/Editor/Data/PlaybackEngines/WebGLSupport/UnityEditor.WebGL.Extensions.dll
Register platform support module: E:/Program Files/Unity/2021.2.7f1/Editor/Data/PlaybackEngines/WindowsStandaloneSupport/UnityEditor.WindowsStandalone.Extensions.dll
Registered in 0.002822 seconds.
Native extension for WindowsStandalone target not found
Native extension for WebGL target not found
Refreshing native plugins compatible for Editor in 41.24 ms, found 2 plugins.
Preloading 0 native plugins for Editor in 0.00 ms.
Mono: successfully reloaded assembly
- Completed reload, in  0.660 seconds
Domain Reload Profiling:
	ReloadAssembly (660ms)
		BeginReloadAssembly (80ms)
			ExecutionOrderSort (0ms)
			DisableScriptedObjects (0ms)
			BackupInstance (0ms)
			ReleaseScriptingObjects (0ms)
			CreateAndSetChildDomain (1ms)
		EndReloadAssembly (487ms)
			LoadAssemblies (79ms)
			RebuildTransferFunctionScriptingTraits (0ms)
			SetupTypeCache (121ms)
			ReleaseScriptCaches (0ms)
			RebuildScriptCaches (31ms)
			SetupLoadedEditorAssemblies (274ms)
				LogAssemblyErrors (0ms)
				InitializePlatformSupportModulesInManaged (18ms)
				SetLoadedEditorAssemblies (0ms)
				RefreshPlugins (41ms)
				BeforeProcessingInitializeOnLoad (2ms)
				ProcessInitializeOnLoadAttributes (156ms)
				ProcessInitializeOnLoadMethodAttributes (56ms)
				AfterProcessingInitializeOnLoad (0ms)
				EditorAssembliesLoaded (0ms)
			ExecutionOrderSort2 (0ms)
			AwakeInstancesAfterBackupRestoration (0ms)
Platform modules already initialized, skipping
Registering precompiled user dll's ...
Registered in 0.003273 seconds.
Begin MonoManager ReloadAssembly
Native extension for WindowsStandalone target not found
Native extension for WebGL target not found
Refreshing native plugins compatible for Editor in 0.69 ms, found 2 plugins.
Preloading 0 native plugins for Editor in 0.00 ms.
Mono: successfully reloaded assembly
- Completed reload, in  1.096 seconds
Domain Reload Profiling:
	ReloadAssembly (1097ms)
		BeginReloadAssembly (123ms)
			ExecutionOrderSort (0ms)
			DisableScriptedObjects (7ms)
			BackupInstance (0ms)
			ReleaseScriptingObjects (0ms)
			CreateAndSetChildDomain (20ms)
		EndReloadAssembly (863ms)
			LoadAssemblies (81ms)
			RebuildTransferFunctionScriptingTraits (0ms)
			SetupTypeCache (216ms)
			ReleaseScriptCaches (1ms)
			RebuildScriptCaches (57ms)
			SetupLoadedEditorAssemblies (465ms)
				LogAssemblyErrors (0ms)
				InitializePlatformSupportModulesInManaged (16ms)
				SetLoadedEditorAssemblies (1ms)
				RefreshPlugins (1ms)
				BeforeProcessingInitializeOnLoad (70ms)
				ProcessInitializeOnLoadAttributes (277ms)
				ProcessInitializeOnLoadMethodAttributes (97ms)
				AfterProcessingInitializeOnLoad (4ms)
				EditorAssembliesLoaded (0ms)
			ExecutionOrderSort2 (0ms)
			AwakeInstancesAfterBackupRestoration (7ms)
Platform modules already initialized, skipping
========================================================================
Worker process is ready to serve import requests
Launched and connected shader compiler UnityShaderCompiler.exe after 0.06 seconds
Refreshing native plugins compatible for Editor in 0.80 ms, found 2 plugins.
Preloading 0 native plugins for Editor in 0.00 ms.
Unloading 2247 Unused Serialized files (Serialized files now loaded: 0)
Unloading 33 unused Assets / (128.6 KB). Loaded Objects now: 2710.
Memory consumption went from 92.8 MB to 92.7 MB.
Total: 5.818900 ms (FindLiveObjects: 0.323700 ms CreateObjectMapping: 0.099900 ms MarkObjects: 5.234000 ms  DeleteObjects: 0.159400 ms)

AssetImportParameters requested are different than current active one (requested -> active):
  custom:video-decoder-ogg-theora: a1e56fd34408186e4bbccfd4996cb3dc -> 
  custom:container-muxer-webm: aa71ff27fc2769a1b78a27578f13a17b -> 
  custom:container-demuxer-webm: 4f35f7cbe854078d1ac9338744f61a02 -> 
  custom:video-encoder-webm-vp8: eb34c28f22e8b96e1ab97ce403110664 -> 
  custom:audio-encoder-webm-vorbis: bf7c407c2cedff20999df2af8eb42d56 -> 
  custom:framework-win-MediaFoundation: 216162199b28c13a410421893ffa2e32 -> 
  custom:container-demuxer-ogg: 62fdf1f143b41e24485cea50d1cbac27 -> 
  custom:video-decoder-webm-vp8: 9c59270c3fd7afecdb556c50c9e8de78 -> 
  custom:audio-decoder-ogg-vorbis: bf7c407c2cedff20999df2af8eb42d56 -> 
========================================================================
Received Import Request.
  Time since last request: 171312.000042 seconds.
  path: Assets/Code/Components
  artifactKey: Guid(8be34b98077794240bf729ee9e33eec8) Importer(815301076,1909f56bfc062723c751e8b465ee728b)
Start importing Assets/Code/Components using Guid(8be34b98077794240bf729ee9e33eec8) Importer(815301076,1909f56bfc062723c751e8b465ee728b)  -> (artifact id: '22702e54329cfbd85efec88a0763776f') in 0.007066 seconds 
========================================================================
Received Import Request.
  Time since last request: 9.728705 seconds.
  path: Assets/Code/Components/Components.asmdef
  artifactKey: Guid(eea007653681e7f4e8d509949592ef9b) Importer(815301076,1909f56bfc062723c751e8b465ee728b)
Start importing Assets/Code/Components/Components.asmdef using Guid(eea007653681e7f4e8d509949592ef9b) Importer(815301076,1909f56bfc062723c751e8b465ee728b)  -> (artifact id: 'c0aa621c31b152e0954edea1632a06d5') in 0.025843 seconds 
========================================================================
Received Prepare
Registering precompiled user dll's ...
Registered in 0.003015 seconds.
Begin MonoManager ReloadAssembly
Native extension for WindowsStandalone target not found
Native extension for WebGL target not found
Refreshing native plugins compatible for Editor in 0.47 ms, found 2 plugins.
Preloading 0 native plugins for Editor in 0.00 ms.
Mono: successfully reloaded assembly
- Completed reload, in  1.163 seconds
Domain Reload Profiling:
	ReloadAssembly (1164ms)
		BeginReloadAssembly (144ms)
			ExecutionOrderSort (0ms)
			DisableScriptedObjects (8ms)
			BackupInstance (0ms)
			ReleaseScriptingObjects (0ms)
			CreateAndSetChildDomain (33ms)
		EndReloadAssembly (911ms)
			LoadAssemblies (76ms)
			RebuildTransferFunctionScriptingTraits (0ms)
			SetupTypeCache (226ms)
			ReleaseScriptCaches (1ms)
			RebuildScriptCaches (48ms)
			SetupLoadedEditorAssemblies (445ms)
				LogAssemblyErrors (0ms)
				InitializePlatformSupportModulesInManaged (14ms)
				SetLoadedEditorAssemblies (0ms)
				RefreshPlugins (1ms)
				BeforeProcessingInitializeOnLoad (64ms)
				ProcessInitializeOnLoadAttributes (321ms)
				ProcessInitializeOnLoadMethodAttributes (41ms)
				AfterProcessingInitializeOnLoad (3ms)
				EditorAssembliesLoaded (0ms)
			ExecutionOrderSort2 (0ms)
			AwakeInstancesAfterBackupRestoration (43ms)
Platform modules already initialized, skipping
Refreshing native plugins compatible for Editor in 0.75 ms, found 2 plugins.
Preloading 0 native plugins for Editor in 0.00 ms.
Unloading 2216 Unused Serialized files (Serialized files now loaded: 0)
Unloading 16 unused Assets / (95.3 KB). Loaded Objects now: 2725.
Memory consumption went from 91.2 MB to 91.1 MB.
Total: 5.844700 ms (FindLiveObjects: 0.379700 ms CreateObjectMapping: 0.135000 ms MarkObjects: 5.272200 ms  DeleteObjects: 0.055600 ms)

AssetImportParameters requested are different than current active one (requested -> active):
  custom:video-decoder-ogg-theora: a1e56fd34408186e4bbccfd4996cb3dc -> 
  custom:container-muxer-webm: aa71ff27fc2769a1b78a27578f13a17b -> 
  custom:container-demuxer-webm: 4f35f7cbe854078d1ac9338744f61a02 -> 
  custom:video-encoder-webm-vp8: eb34c28f22e8b96e1ab97ce403110664 -> 
  custom:audio-encoder-webm-vorbis: bf7c407c2cedff20999df2af8eb42d56 -> 
  custom:framework-win-MediaFoundation: 216162199b28c13a410421893ffa2e32 -> 
  custom:container-demuxer-ogg: 62fdf1f143b41e24485cea50d1cbac27 -> 
  custom:video-decoder-webm-vp8: 9c59270c3fd7afecdb556c50c9e8de78 -> 
  custom:audio-decoder-ogg-vorbis: bf7c407c2cedff20999df2af8eb42d56 -> 
========================================================================
Received Import Request.
  Time since last request: 9.548373 seconds.
  path: Packages/com.unity.cinemachine/Runtime/com.unity.cinemachine.asmdef
  artifactKey: Guid(4307f53044263cf4b835bd812fc161a4) Importer(815301076,1909f56bfc062723c751e8b465ee728b)
Start importing Packages/com.unity.cinemachine/Runtime/com.unity.cinemachine.asmdef using Guid(4307f53044263cf4b835bd812fc161a4) Importer(815301076,1909f56bfc062723c751e8b465ee728b)  -> (artifact id: 'c4a7a6e1236ba1985d8285f04182945b') in 0.005227 seconds 
========================================================================
Received Import Request.
  Time since last request: 0.000029 seconds.
  path: Packages/com.leopotam.ecs-unityintegration/Editor/Leopotam.Ecs.UnityIntegration.Editor.asmdef
  artifactKey: Guid(3687cc952c3624919ac685c6b0a7a7b1) Importer(815301076,1909f56bfc062723c751e8b465ee728b)
Start importing Packages/com.leopotam.ecs-unityintegration/Editor/Leopotam.Ecs.UnityIntegration.Editor.asmdef using Guid(3687cc952c3624919ac685c6b0a7a7b1) Importer(815301076,1909f56bfc062723c751e8b465ee728b)  -> (artifact id: 'aa438f62fc2659c165beccbe4639ab0e') in 0.001268 seconds 
========================================================================
Received Import Request.
  Time since last request: 0.000017 seconds.
  path: Packages/com.unity.ide.visualstudio/Editor/com.unity.ide.visualstudio.asmdef
  artifactKey: Guid(b93f844d45cfcc44fa2b0eed5c9ec6bb) Importer(815301076,1909f56bfc062723c751e8b465ee728b)
Start importing Packages/com.unity.ide.visualstudio/Editor/com.unity.ide.visualstudio.asmdef using Guid(b93f844d45cfcc44fa2b0eed5c9ec6bb) Importer(815301076,1909f56bfc062723c751e8b465ee728b)  -> (artifact id: '458dce39154d56260747e9ec46840c92') in 0.001238 seconds 
========================================================================
Received Import Request.
  Time since last request: 0.000022 seconds.
  path: Packages/com.unity.addressables/Tests/Editor/Unity.Addressables.Editor.Tests.asmdef
  artifactKey: Guid(f0c774e7dbab37641808f75bcc438e4a) Importer(815301076,1909f56bfc062723c751e8b465ee728b)
Start importing Packages/com.unity.addressables/Tests/Editor/Unity.Addressables.Editor.Tests.asmdef using Guid(f0c774e7dbab37641808f75bcc438e4a) Importer(815301076,1909f56bfc062723c751e8b465ee728b)  -> (artifact id: 'f44f7bf2a03172f3725fc18b0c847359') in 0.001254 seconds 
========================================================================
Received Import Request.
  Time since last request: 0.000028 seconds.
  path: Packages/com.unity.cinemachine/Tests/Runtime/com.unity.cinemachine.Tests.asmdef
  artifactKey: Guid(8ba1cf4afa640804e94ba034367104ab) Importer(815301076,1909f56bfc062723c751e8b465ee728b)
Start importing Packages/com.unity.cinemachine/Tests/Runtime/com.unity.cinemachine.Tests.asmdef using Guid(8ba1cf4afa640804e94ba034367104ab) Importer(815301076,1909f56bfc062723c751e8b465ee728b)  -> (artifact id: '23d3b6af1416b9bf9e8547221a617976') in 0.001325 seconds 
========================================================================
Received Import Request.
  Time since last request: 0.000019 seconds.
  path: Packages/com.unity.ide.rider/Rider/Editor/com.unity.ide.rider.asmdef
  artifactKey: Guid(d528c8c98d269ca44a06cd9624a03945) Importer(815301076,1909f56bfc062723c751e8b465ee728b)
Start importing Packages/com.unity.ide.rider/Rider/Editor/com.unity.ide.rider.asmdef using Guid(d528c8c98d269ca44a06cd9624a03945) Importer(815301076,1909f56bfc062723c751e8b465ee728b)  -> (artifact id: '0cf940a75e43e59a0d908b29d4488d50') in 0.001176 seconds 
========================================================================
Received Import Request.
  Time since last request: 0.000020 seconds.
  path: Assets/Code/Gameplay/Gameplay.asmdef
  artifactKey: Guid(43ae3bccd9bbc4c8c9d550dd6086195f) Importer(815301076,1909f56bfc062723c751e8b465ee728b)
Start importing Assets/Code/Gameplay/Gameplay.asmdef using Guid(43ae3bccd9bbc4c8c9d550dd6086195f) Importer(815301076,1909f56bfc062723c751e8b465ee728b)  -> (artifact id: 'a29cd411f30f304d13f2d7d1933ffdd5') in 0.001500 seconds 
========================================================================
Received Import Request.
  Time since last request: 0.000022 seconds.
  path: Assets/Code/StatesSwitcher/GameStates.asmdef
  artifactKey: Guid(83afe920b97674f4382ae49156e15b73) Importer(815301076,1909f56bfc062723c751e8b465ee728b)
Start importing Assets/Code/StatesSwitcher/GameStates.asmdef using Guid(83afe920b97674f4382ae49156e15b73) Importer(815301076,1909f56bfc062723c751e8b465ee728b)  -> (artifact id: '965a268ccd638367fff4fd72999a6f5b') in 0.001283 seconds 
========================================================================
Received Import Request.
  Time since last request: 0.000021 seconds.
  path: Assets/Code/Configs/Configs.asmdef
  artifactKey: Guid(75c121bb346b4498985672059c9eb525) Importer(815301076,1909f56bfc062723c751e8b465ee728b)
Start importing Assets/Code/Configs/Configs.asmdef using Guid(75c121bb346b4498985672059c9eb525) Importer(815301076,1909f56bfc062723c751e8b465ee728b)  -> (artifact id: '7c61a64ac4e418557dc3d298c6fcce26') in 0.001763 seconds 
========================================================================
Received Import Request.
  Time since last request: 0.000018 seconds.
  path: Packages/com.leopotam.ecs/Leopotam.Ecs.asmdef
  artifactKey: Guid(656c2c43d3cfe4855bd40e058874b0be) Importer(815301076,1909f56bfc062723c751e8b465ee728b)
Start importing Packages/com.leopotam.ecs/Leopotam.Ecs.asmdef using Guid(656c2c43d3cfe4855bd40e058874b0be) Importer(815301076,1909f56bfc062723c751e8b465ee728b)  -> (artifact id: 'a54baea457dd6748d414f67a4b5e4787') in 0.001168 seconds 
========================================================================
Received Import Request.
  Time since last request: 0.000019 seconds.
  path: Packages/com.leopotam.ecs-ui/Runtime/Leopotam.Ecs.Ui.asmdef
  artifactKey: Guid(cbc9f02e49bea436380d53fc682dcc25) Importer(815301076,1909f56bfc062723c751e8b465ee728b)
Start importing Packages/com.leopotam.ecs-ui/Runtime/Leopotam.Ecs.Ui.asmdef using Guid(cbc9f02e49bea436380d53fc682dcc25) Importer(815301076,1909f56bfc062723c751e8b465ee728b)  -> (artifact id: '116b4ab6ffdf8340b1676fee9201fcb2') in 0.001355 seconds 
========================================================================
Received Import Request.
  Time since last request: 0.000026 seconds.
  path: Packages/com.unity.cinemachine/Tests/Editor/com.unity.cinemachine.EditorTests.asmdef
  artifactKey: Guid(d5ada0dcd11a06049936072bb3b3ed73) Importer(815301076,1909f56bfc062723c751e8b465ee728b)
Start importing Packages/com.unity.cinemachine/Tests/Editor/com.unity.cinemachine.EditorTests.asmdef using Guid(d5ada0dcd11a06049936072bb3b3ed73) Importer(815301076,1909f56bfc062723c751e8b465ee728b)  -> (artifact id: 'bbd03f17a4b378f4b700ee6f566be2ce') in 0.001336 seconds 
========================================================================
Received Import Request.
  Time since last request: 0.000023 seconds.
  path: Packages/com.leopotam.ecs-unityintegration/Runtime/Leopotam.Ecs.UnityIntegration.asmdef
  artifactKey: Guid(0104ae351448541ee9a4ab55eb9d8b69) Importer(815301076,1909f56bfc062723c751e8b465ee728b)
Start importing Packages/com.leopotam.ecs-unityintegration/Runtime/Leopotam.Ecs.UnityIntegration.asmdef using Guid(0104ae351448541ee9a4ab55eb9d8b69) Importer(815301076,1909f56bfc062723c751e8b465ee728b)  -> (artifact id: '4a813b1e9c8def1a13ab40002adfa14f') in 0.001417 seconds 
========================================================================
Received Import Request.
  Time since last request: 0.000027 seconds.
  path: Assets/Code/LevelsLoader/LoadLevel.asmdef
  artifactKey: Guid(da18b52c5e5f64ee9b77bc1b16ce4774) Importer(815301076,1909f56bfc062723c751e8b465ee728b)
Start importing Assets/Code/LevelsLoader/LoadLevel.asmdef using Guid(da18b52c5e5f64ee9b77bc1b16ce4774) Importer(815301076,1909f56bfc062723c751e8b465ee728b)  -> (artifact id: 'e9ae3392b832a18d1877859bec5e21e9') in 0.001229 seconds 
========================================================================
Received Import Request.
  Time since last request: 8.457661 seconds.
  path: Packages/com.unity.collab-proxy/Editor/Collaborate/Unity.CollabProxy.Editor.asmdef
  artifactKey: Guid(17b36165d09634a48bf5a0e4bb27f4bd) Importer(815301076,1909f56bfc062723c751e8b465ee728b)
Start importing Packages/com.unity.collab-proxy/Editor/Collaborate/Unity.CollabProxy.Editor.asmdef using Guid(17b36165d09634a48bf5a0e4bb27f4bd) Importer(815301076,1909f56bfc062723c751e8b465ee728b)  -> (artifact id: '49a4745d0e60b075159c0ab9a3a2ae75') in 0.001527 seconds 
========================================================================
Received Import Request.
  Time since last request: 0.000017 seconds.
  path: Packages/com.unity.ide.vscode/Editor/Unity.com.unity.vscode.Editor.asmdef
  artifactKey: Guid(8b845b123ab418448a8be2935fa804e0) Importer(815301076,1909f56bfc062723c751e8b465ee728b)
Start importing Packages/com.unity.ide.vscode/Editor/Unity.com.unity.vscode.Editor.asmdef using Guid(8b845b123ab418448a8be2935fa804e0) Importer(815301076,1909f56bfc062723c751e8b465ee728b)  -> (artifact id: 'a3c6170cde1bc0f5c2dd20cb20310efe') in 0.001257 seconds 
========================================================================
Received Import Request.
  Time since last request: 10.730304 seconds.
  path: Packages/com.unity.collab-proxy/Editor/PlasticSCM/Unity.PlasticSCM.Editor.asmdef
  artifactKey: Guid(4b84427fd7ace4b4cb623ef8a46124ed) Importer(815301076,1909f56bfc062723c751e8b465ee728b)
Start importing Packages/com.unity.collab-proxy/Editor/PlasticSCM/Unity.PlasticSCM.Editor.asmdef using Guid(4b84427fd7ace4b4cb623ef8a46124ed) Importer(815301076,1909f56bfc062723c751e8b465ee728b)  -> (artifact id: '6ff2382948b68f993f130b2ddb9133eb') in 0.001508 seconds 
========================================================================
Received Import Request.
  Time since last request: 0.000023 seconds.
  path: Packages/com.unity.scriptablebuildpipeline/Editor/Unity.ScriptableBuildPipeline.Editor.asmdef
  artifactKey: Guid(c5ecc461727906345a35491a0440694f) Importer(815301076,1909f56bfc062723c751e8b465ee728b)
Start importing Packages/com.unity.scriptablebuildpipeline/Editor/Unity.ScriptableBuildPipeline.Editor.asmdef using Guid(c5ecc461727906345a35491a0440694f) Importer(815301076,1909f56bfc062723c751e8b465ee728b)  -> (artifact id: '0abd37b297a57d7187fc8d880c0e6671') in 0.003572 seconds 
========================================================================
Received Import Request.
  Time since last request: 0.000034 seconds.
  path: Packages/com.unity.addressables/Runtime/ResourceManager/Unity.ResourceManager.asmdef
  artifactKey: Guid(84651a3751eca9349aac36a66bba901b) Importer(815301076,1909f56bfc062723c751e8b465ee728b)
Start importing Packages/com.unity.addressables/Runtime/ResourceManager/Unity.ResourceManager.asmdef using Guid(84651a3751eca9349aac36a66bba901b) Importer(815301076,1909f56bfc062723c751e8b465ee728b)  -> (artifact id: '5d41fa44fbec22b425b25c566205eb42') in 0.001380 seconds 
========================================================================
Received Import Request.
  Time since last request: 6.518016 seconds.
  path: Assets/Code/Components/Components.asmdef
  artifactKey: Guid(eea007653681e7f4e8d509949592ef9b) Importer(815301076,1909f56bfc062723c751e8b465ee728b)
Start importing Assets/Code/Components/Components.asmdef using Guid(eea007653681e7f4e8d509949592ef9b) Importer(815301076,1909f56bfc062723c751e8b465ee728b)  -> (artifact id: '8a94e525c7d94911cc31df0ac178795d') in 0.001166 seconds 
========================================================================
Received Prepare
Registering precompiled user dll's ...
Registered in 0.002910 seconds.
Begin MonoManager ReloadAssembly
Native extension for WindowsStandalone target not found
Native extension for WebGL target not found
Refreshing native plugins compatible for Editor in 0.51 ms, found 2 plugins.
Preloading 0 native plugins for Editor in 0.00 ms.
Mono: successfully reloaded assembly
- Completed reload, in  1.085 seconds
Domain Reload Profiling:
	ReloadAssembly (1086ms)
		BeginReloadAssembly (147ms)
			ExecutionOrderSort (0ms)
			DisableScriptedObjects (7ms)
			BackupInstance (0ms)
			ReleaseScriptingObjects (0ms)
			CreateAndSetChildDomain (40ms)
		EndReloadAssembly (826ms)
			LoadAssemblies (78ms)
			RebuildTransferFunctionScriptingTraits (0ms)
			SetupTypeCache (219ms)
			ReleaseScriptCaches (1ms)
			RebuildScriptCaches (54ms)
			SetupLoadedEditorAssemblies (375ms)
				LogAssemblyErrors (0ms)
				InitializePlatformSupportModulesInManaged (17ms)
				SetLoadedEditorAssemblies (0ms)
				RefreshPlugins (1ms)
				BeforeProcessingInitializeOnLoad (56ms)
				ProcessInitializeOnLoadAttributes (257ms)
				ProcessInitializeOnLoadMethodAttributes (40ms)
				AfterProcessingInitializeOnLoad (3ms)
				EditorAssembliesLoaded (0ms)
			ExecutionOrderSort2 (0ms)
			AwakeInstancesAfterBackupRestoration (42ms)
Platform modules already initialized, skipping
Refreshing native plugins compatible for Editor in 0.90 ms, found 2 plugins.
Preloading 0 native plugins for Editor in 0.00 ms.
Unloading 2215 Unused Serialized files (Serialized files now loaded: 0)
Unloading 16 unused Assets / (95.3 KB). Loaded Objects now: 2739.
Memory consumption went from 91.2 MB to 91.1 MB.
Total: 4.913700 ms (FindLiveObjects: 0.331400 ms CreateObjectMapping: 0.079200 ms MarkObjects: 4.440100 ms  DeleteObjects: 0.060700 ms)

AssetImportParameters requested are different than current active one (requested -> active):
  custom:video-decoder-ogg-theora: a1e56fd34408186e4bbccfd4996cb3dc -> 
  custom:container-muxer-webm: aa71ff27fc2769a1b78a27578f13a17b -> 
  custom:container-demuxer-webm: 4f35f7cbe854078d1ac9338744f61a02 -> 
  custom:video-encoder-webm-vp8: eb34c28f22e8b96e1ab97ce403110664 -> 
  custom:audio-encoder-webm-vorbis: bf7c407c2cedff20999df2af8eb42d56 -> 
  custom:framework-win-MediaFoundation: 216162199b28c13a410421893ffa2e32 -> 
  custom:container-demuxer-ogg: 62fdf1f143b41e24485cea50d1cbac27 -> 
  custom:video-decoder-webm-vp8: 9c59270c3fd7afecdb556c50c9e8de78 -> 
  custom:audio-decoder-ogg-vorbis: bf7c407c2cedff20999df2af8eb42d56 -> 
========================================================================
Received Import Request.
  Time since last request: 26.202891 seconds.
  path: Assets/Config
  artifactKey: Guid(bb0fbf820e267b54bad988bf6d79f172) Importer(815301076,1909f56bfc062723c751e8b465ee728b)
Start importing Assets/Config using Guid(bb0fbf820e267b54bad988bf6d79f172) Importer(815301076,1909f56bfc062723c751e8b465ee728b)  -> (artifact id: '46b038e3fd44b6152e6c873c8382110f') in 0.005798 seconds 
========================================================================
Received Import Request.
  Time since last request: 0.094595 seconds.
  path: Assets/Config/LevelList.asset
  artifactKey: Guid(9ff90c9b66ad36c46a4db84446a9ac06) Importer(815301076,1909f56bfc062723c751e8b465ee728b)
Start importing Assets/Config/LevelList.asset using Guid(9ff90c9b66ad36c46a4db84446a9ac06) Importer(815301076,1909f56bfc062723c751e8b465ee728b)  -> (artifact id: '4b6a25ae721410564194bc9ec2fd06f8') in 0.015904 seconds 
========================================================================
Received Import Request.
  Time since last request: 19.359165 seconds.
  path: Assets/Code/Configs
  artifactKey: Guid(1dd06c3d57bc4e9fb4e26063c59cbb36) Importer(815301076,1909f56bfc062723c751e8b465ee728b)
Start importing Assets/Code/Configs using Guid(1dd06c3d57bc4e9fb4e26063c59cbb36) Importer(815301076,1909f56bfc062723c751e8b465ee728b)  -> (artifact id: 'f7b3ad095f432a93a0924b12b49697e3') in 0.001780 seconds 
========================================================================
Received Import Request.
  Time since last request: 14.443019 seconds.
  path: Assets/Code/Editor
  artifactKey: Guid(7dc4a8b39d6a4d54b3cf4ae6c27e1ddd) Importer(815301076,1909f56bfc062723c751e8b465ee728b)
Start importing Assets/Code/Editor using Guid(7dc4a8b39d6a4d54b3cf4ae6c27e1ddd) Importer(815301076,1909f56bfc062723c751e8b465ee728b)  -> (artifact id: '35cb37e40bdf02333644f8461e1ca958') in 0.001200 seconds 
========================================================================
Received Import Request.
  Time since last request: 2.733428 seconds.
  path: Assets/Code/Gameplay
  artifactKey: Guid(1d683a5c9c7044089ab1214c4fee815b) Importer(815301076,1909f56bfc062723c751e8b465ee728b)
Start importing Assets/Code/Gameplay using Guid(1d683a5c9c7044089ab1214c4fee815b) Importer(815301076,1909f56bfc062723c751e8b465ee728b)  -> (artifact id: 'b4d207e66b45f47de403a58336ec70e6') in 0.001127 seconds 
========================================================================
Received Import Request.
  Time since last request: 19.523609 seconds.
  path: Assets/Code/Gameplay/Gameplay.asmdef
  artifactKey: Guid(43ae3bccd9bbc4c8c9d550dd6086195f) Importer(815301076,1909f56bfc062723c751e8b465ee728b)
Start importing Assets/Code/Gameplay/Gameplay.asmdef using Guid(43ae3bccd9bbc4c8c9d550dd6086195f) Importer(815301076,1909f56bfc062723c751e8b465ee728b)  -> (artifact id: '68288e3b8db206e230004e2d4a85a2f0') in 0.001205 seconds 
========================================================================
Received Prepare
Registering precompiled user dll's ...
Registered in 0.003151 seconds.
Begin MonoManager ReloadAssembly
Native extension for WindowsStandalone target not found
Native extension for WebGL target not found
Refreshing native plugins compatible for Editor in 0.42 ms, found 2 plugins.
Preloading 0 native plugins for Editor in 0.00 ms.
Mono: successfully reloaded assembly
- Completed reload, in  1.105 seconds
Domain Reload Profiling:
	ReloadAssembly (1106ms)
		BeginReloadAssembly (144ms)
			ExecutionOrderSort (0ms)
			DisableScriptedObjects (7ms)
			BackupInstance (0ms)
			ReleaseScriptingObjects (0ms)
			CreateAndSetChildDomain (35ms)
		EndReloadAssembly (847ms)
			LoadAssemblies (83ms)
			RebuildTransferFunctionScriptingTraits (0ms)
			SetupTypeCache (230ms)
			ReleaseScriptCaches (1ms)
			RebuildScriptCaches (52ms)
			SetupLoadedEditorAssemblies (377ms)
				LogAssemblyErrors (0ms)
				InitializePlatformSupportModulesInManaged (15ms)
				SetLoadedEditorAssemblies (1ms)
				RefreshPlugins (0ms)
				BeforeProcessingInitializeOnLoad (57ms)
				ProcessInitializeOnLoadAttributes (258ms)
				ProcessInitializeOnLoadMethodAttributes (41ms)
				AfterProcessingInitializeOnLoad (4ms)
				EditorAssembliesLoaded (0ms)
			ExecutionOrderSort2 (0ms)
			AwakeInstancesAfterBackupRestoration (46ms)
Platform modules already initialized, skipping
Refreshing native plugins compatible for Editor in 0.80 ms, found 2 plugins.
Preloading 0 native plugins for Editor in 0.00 ms.
Unloading 2215 Unused Serialized files (Serialized files now loaded: 0)
Unloading 16 unused Assets / (95.3 KB). Loaded Objects now: 2753.
Memory consumption went from 91.3 MB to 91.2 MB.
Total: 5.687500 ms (FindLiveObjects: 0.417900 ms CreateObjectMapping: 0.139700 ms MarkObjects: 5.073200 ms  DeleteObjects: 0.054700 ms)

AssetImportParameters requested are different than current active one (requested -> active):
  custom:video-decoder-ogg-theora: a1e56fd34408186e4bbccfd4996cb3dc -> 
  custom:container-muxer-webm: aa71ff27fc2769a1b78a27578f13a17b -> 
  custom:container-demuxer-webm: 4f35f7cbe854078d1ac9338744f61a02 -> 
  custom:video-encoder-webm-vp8: eb34c28f22e8b96e1ab97ce403110664 -> 
  custom:audio-encoder-webm-vorbis: bf7c407c2cedff20999df2af8eb42d56 -> 
  custom:framework-win-MediaFoundation: 216162199b28c13a410421893ffa2e32 -> 
  custom:container-demuxer-ogg: 62fdf1f143b41e24485cea50d1cbac27 -> 
  custom:video-decoder-webm-vp8: 9c59270c3fd7afecdb556c50c9e8de78 -> 
  custom:audio-decoder-ogg-vorbis: bf7c407c2cedff20999df2af8eb42d56 -> 
========================================================================
Received Import Request.
  Time since last request: 16.694792 seconds.
  path: Assets/Code/Gameplay/Gameplay.asmdef
  artifactKey: Guid(43ae3bccd9bbc4c8c9d550dd6086195f) Importer(815301076,1909f56bfc062723c751e8b465ee728b)
Start importing Assets/Code/Gameplay/Gameplay.asmdef using Guid(43ae3bccd9bbc4c8c9d550dd6086195f) Importer(815301076,1909f56bfc062723c751e8b465ee728b)  -> (artifact id: '74fb5d539bc6b80346c95bb64ad482b8') in 0.005088 seconds 
========================================================================
Received Prepare
Registering precompiled user dll's ...
Registered in 0.002997 seconds.
Begin MonoManager ReloadAssembly
Native extension for WindowsStandalone target not found
Native extension for WebGL target not found
Refreshing native plugins compatible for Editor in 0.52 ms, found 2 plugins.
Preloading 0 native plugins for Editor in 0.00 ms.
Mono: successfully reloaded assembly
- Completed reload, in  1.108 seconds
Domain Reload Profiling:
	ReloadAssembly (1109ms)
		BeginReloadAssembly (140ms)
			ExecutionOrderSort (0ms)
			DisableScriptedObjects (7ms)
			BackupInstance (0ms)
			ReleaseScriptingObjects (0ms)
			CreateAndSetChildDomain (33ms)
		EndReloadAssembly (851ms)
			LoadAssemblies (82ms)
			RebuildTransferFunctionScriptingTraits (0ms)
			SetupTypeCache (224ms)
			ReleaseScriptCaches (1ms)
			RebuildScriptCaches (50ms)
			SetupLoadedEditorAssemblies (400ms)
				LogAssemblyErrors (0ms)
				InitializePlatformSupportModulesInManaged (15ms)
				SetLoadedEditorAssemblies (0ms)
				RefreshPlugins (1ms)
				BeforeProcessingInitializeOnLoad (56ms)
				ProcessInitializeOnLoadAttributes (281ms)
				ProcessInitializeOnLoadMethodAttributes (44ms)
				AfterProcessingInitializeOnLoad (3ms)
				EditorAssembliesLoaded (0ms)
			ExecutionOrderSort2 (0ms)
			AwakeInstancesAfterBackupRestoration (40ms)
Platform modules already initialized, skipping
Refreshing native plugins compatible for Editor in 0.97 ms, found 2 plugins.
Preloading 0 native plugins for Editor in 0.00 ms.
Unloading 2215 Unused Serialized files (Serialized files now loaded: 0)
Unloading 16 unused Assets / (95.3 KB). Loaded Objects now: 2767.
Memory consumption went from 91.3 MB to 91.2 MB.
Total: 5.961000 ms (FindLiveObjects: 0.344100 ms CreateObjectMapping: 0.112300 ms MarkObjects: 5.443100 ms  DeleteObjects: 0.058300 ms)

AssetImportParameters requested are different than current active one (requested -> active):
  custom:video-decoder-ogg-theora: a1e56fd34408186e4bbccfd4996cb3dc -> 
  custom:container-muxer-webm: aa71ff27fc2769a1b78a27578f13a17b -> 
  custom:container-demuxer-webm: 4f35f7cbe854078d1ac9338744f61a02 -> 
  custom:video-encoder-webm-vp8: eb34c28f22e8b96e1ab97ce403110664 -> 
  custom:audio-encoder-webm-vorbis: bf7c407c2cedff20999df2af8eb42d56 -> 
  custom:framework-win-MediaFoundation: 216162199b28c13a410421893ffa2e32 -> 
  custom:container-demuxer-ogg: 62fdf1f143b41e24485cea50d1cbac27 -> 
  custom:video-decoder-webm-vp8: 9c59270c3fd7afecdb556c50c9e8de78 -> 
  custom:audio-decoder-ogg-vorbis: bf7c407c2cedff20999df2af8eb42d56 -> 
========================================================================
Received Import Request.
  Time since last request: 8.210197 seconds.
  path: Assets/Code/MonoBehavioursComponent
  artifactKey: Guid(daf7a8813ae314344b901658807f46ac) Importer(815301076,1909f56bfc062723c751e8b465ee728b)
Start importing Assets/Code/MonoBehavioursComponent using Guid(daf7a8813ae314344b901658807f46ac) Importer(815301076,1909f56bfc062723c751e8b465ee728b)  -> (artifact id: '2f8f59eaa7a939794f10a23dfb20a97d') in 0.004854 seconds 
========================================================================
Received Import Request.
  Time since last request: 39.733642 seconds.
  path: Assets/Code/MonoBehavioursComponent/ConvertMBToECS.asmdef
  artifactKey: Guid(ad39ec682b08143fea154a93aef7e485) Importer(815301076,1909f56bfc062723c751e8b465ee728b)
Start importing Assets/Code/MonoBehavioursComponent/ConvertMBToECS.asmdef using Guid(ad39ec682b08143fea154a93aef7e485) Importer(815301076,1909f56bfc062723c751e8b465ee728b)  -> (artifact id: 'e3cd8c064ddd77a2f70e5d437c5f67ad') in 0.001212 seconds 
========================================================================
Received Prepare
Registering precompiled user dll's ...
Registered in 0.003041 seconds.
Begin MonoManager ReloadAssembly
Native extension for WindowsStandalone target not found
Native extension for WebGL target not found
Refreshing native plugins compatible for Editor in 0.46 ms, found 2 plugins.
Preloading 0 native plugins for Editor in 0.00 ms.
Mono: successfully reloaded assembly
- Completed reload, in  1.062 seconds
Domain Reload Profiling:
	ReloadAssembly (1063ms)
		BeginReloadAssembly (139ms)
			ExecutionOrderSort (0ms)
			DisableScriptedObjects (7ms)
			BackupInstance (0ms)
			ReleaseScriptingObjects (0ms)
			CreateAndSetChildDomain (33ms)
		EndReloadAssembly (817ms)
			LoadAssemblies (92ms)
			RebuildTransferFunctionScriptingTraits (0ms)
			SetupTypeCache (210ms)
			ReleaseScriptCaches (1ms)
			RebuildScriptCaches (48ms)
			SetupLoadedEditorAssemblies (375ms)
				LogAssemblyErrors (0ms)
				InitializePlatformSupportModulesInManaged (14ms)
				SetLoadedEditorAssemblies (0ms)
				RefreshPlugins (1ms)
				BeforeProcessingInitializeOnLoad (56ms)
				ProcessInitializeOnLoadAttributes (258ms)
				ProcessInitializeOnLoadMethodAttributes (42ms)
				AfterProcessingInitializeOnLoad (3ms)
				EditorAssembliesLoaded (0ms)
			ExecutionOrderSort2 (0ms)
			AwakeInstancesAfterBackupRestoration (42ms)
Platform modules already initialized, skipping
Refreshing native plugins compatible for Editor in 0.73 ms, found 2 plugins.
Preloading 0 native plugins for Editor in 0.00 ms.
Unloading 2215 Unused Serialized files (Serialized files now loaded: 0)
Unloading 16 unused Assets / (95.3 KB). Loaded Objects now: 2781.
Memory consumption went from 91.2 MB to 91.1 MB.
Total: 3.817500 ms (FindLiveObjects: 0.260800 ms CreateObjectMapping: 0.066100 ms MarkObjects: 3.449500 ms  DeleteObjects: 0.039800 ms)

AssetImportParameters requested are different than current active one (requested -> active):
  custom:video-decoder-ogg-theora: a1e56fd34408186e4bbccfd4996cb3dc -> 
  custom:container-muxer-webm: aa71ff27fc2769a1b78a27578f13a17b -> 
  custom:container-demuxer-webm: 4f35f7cbe854078d1ac9338744f61a02 -> 
  custom:video-encoder-webm-vp8: eb34c28f22e8b96e1ab97ce403110664 -> 
  custom:audio-encoder-webm-vorbis: bf7c407c2cedff20999df2af8eb42d56 -> 
  custom:framework-win-MediaFoundation: 216162199b28c13a410421893ffa2e32 -> 
  custom:container-demuxer-ogg: 62fdf1f143b41e24485cea50d1cbac27 -> 
  custom:video-decoder-webm-vp8: 9c59270c3fd7afecdb556c50c9e8de78 -> 
  custom:audio-decoder-ogg-vorbis: bf7c407c2cedff20999df2af8eb42d56 -> 
========================================================================
Received Import Request.
  Time since last request: 29.485607 seconds.
  path: Assets/Code/MonoBehavioursComponent/MonoBehaviourComponents.asmdef
  artifactKey: Guid(ad39ec682b08143fea154a93aef7e485) Importer(815301076,1909f56bfc062723c751e8b465ee728b)
Start importing Assets/Code/MonoBehavioursComponent/MonoBehaviourComponents.asmdef using Guid(ad39ec682b08143fea154a93aef7e485) Importer(815301076,1909f56bfc062723c751e8b465ee728b)  -> (artifact id: '8d9666d600ce72fa8e74be8cd905401a') in 0.004909 seconds 
========================================================================
Received Prepare
Registering precompiled user dll's ...
Registered in 0.002961 seconds.
Begin MonoManager ReloadAssembly
Native extension for WindowsStandalone target not found
Native extension for WebGL target not found
Refreshing native plugins compatible for Editor in 0.47 ms, found 2 plugins.
Preloading 0 native plugins for Editor in 0.00 ms.
Mono: successfully reloaded assembly
- Completed reload, in  1.112 seconds
Domain Reload Profiling:
	ReloadAssembly (1112ms)
		BeginReloadAssembly (147ms)
			ExecutionOrderSort (0ms)
			DisableScriptedObjects (7ms)
			BackupInstance (0ms)
			ReleaseScriptingObjects (0ms)
			CreateAndSetChildDomain (39ms)
		EndReloadAssembly (857ms)
			LoadAssemblies (82ms)
			RebuildTransferFunctionScriptingTraits (0ms)
			SetupTypeCache (229ms)
			ReleaseScriptCaches (1ms)
			RebuildScriptCaches (56ms)
			SetupLoadedEditorAssemblies (389ms)
				LogAssemblyErrors (0ms)
				InitializePlatformSupportModulesInManaged (14ms)
				SetLoadedEditorAssemblies (0ms)
				RefreshPlugins (1ms)
				BeforeProcessingInitializeOnLoad (61ms)
				ProcessInitializeOnLoadAttributes (268ms)
				ProcessInitializeOnLoadMethodAttributes (41ms)
				AfterProcessingInitializeOnLoad (4ms)
				EditorAssembliesLoaded (0ms)
			ExecutionOrderSort2 (0ms)
			AwakeInstancesAfterBackupRestoration (47ms)
Platform modules already initialized, skipping
Refreshing native plugins compatible for Editor in 0.76 ms, found 2 plugins.
Preloading 0 native plugins for Editor in 0.00 ms.
Unloading 2215 Unused Serialized files (Serialized files now loaded: 0)
Unloading 16 unused Assets / (95.3 KB). Loaded Objects now: 2795.
Memory consumption went from 91.3 MB to 91.2 MB.
Total: 5.605300 ms (FindLiveObjects: 0.319000 ms CreateObjectMapping: 0.133500 ms MarkObjects: 5.077900 ms  DeleteObjects: 0.073200 ms)

AssetImportParameters requested are different than current active one (requested -> active):
  custom:video-decoder-ogg-theora: a1e56fd34408186e4bbccfd4996cb3dc -> 
  custom:container-muxer-webm: aa71ff27fc2769a1b78a27578f13a17b -> 
  custom:container-demuxer-webm: 4f35f7cbe854078d1ac9338744f61a02 -> 
  custom:video-encoder-webm-vp8: eb34c28f22e8b96e1ab97ce403110664 -> 
  custom:audio-encoder-webm-vorbis: bf7c407c2cedff20999df2af8eb42d56 -> 
  custom:framework-win-MediaFoundation: 216162199b28c13a410421893ffa2e32 -> 
  custom:container-demuxer-ogg: 62fdf1f143b41e24485cea50d1cbac27 -> 
  custom:video-decoder-webm-vp8: 9c59270c3fd7afecdb556c50c9e8de78 -> 
  custom:audio-decoder-ogg-vorbis: bf7c407c2cedff20999df2af8eb42d56 -> 
========================================================================
Received Import Request.
  Time since last request: 11.563091 seconds.
  path: Assets/Code/Gameplay/Components
  artifactKey: Guid(302a1dd9416a5c44f818b4bafe9bbc45) Importer(815301076,1909f56bfc062723c751e8b465ee728b)
Start importing Assets/Code/Gameplay/Components using Guid(302a1dd9416a5c44f818b4bafe9bbc45) Importer(815301076,1909f56bfc062723c751e8b465ee728b)  -> (artifact id: 'f9f9617b97d5d2234942acc87e452d44') in 0.005204 seconds 
========================================================================
Received Import Request.
  Time since last request: 5.929208 seconds.
  path: Assets/Code/LevelsLoader
  artifactKey: Guid(75fff9635fca44a7ba0092a59b2b9373) Importer(815301076,1909f56bfc062723c751e8b465ee728b)
Start importing Assets/Code/LevelsLoader using Guid(75fff9635fca44a7ba0092a59b2b9373) Importer(815301076,1909f56bfc062723c751e8b465ee728b)  -> (artifact id: '12ffaedd09ca97ccd17fc6e7641060b7') in 0.001205 seconds 
========================================================================
Received Import Request.
  Time since last request: 20.237888 seconds.
  path: Assets/Code/LevelsLoader/LoadLevel.asmdef
  artifactKey: Guid(da18b52c5e5f64ee9b77bc1b16ce4774) Importer(815301076,1909f56bfc062723c751e8b465ee728b)
Start importing Assets/Code/LevelsLoader/LoadLevel.asmdef using Guid(da18b52c5e5f64ee9b77bc1b16ce4774) Importer(815301076,1909f56bfc062723c751e8b465ee728b)  -> (artifact id: '1dc7377001048a6acbeb7afe95b10bfa') in 0.001256 seconds 
========================================================================
Received Prepare
Registering precompiled user dll's ...
Registered in 0.003024 seconds.
Begin MonoManager ReloadAssembly
Native extension for WindowsStandalone target not found
Native extension for WebGL target not found
Refreshing native plugins compatible for Editor in 0.50 ms, found 2 plugins.
Preloading 0 native plugins for Editor in 0.00 ms.
Mono: successfully reloaded assembly
- Completed reload, in  1.098 seconds
Domain Reload Profiling:
	ReloadAssembly (1099ms)
		BeginReloadAssembly (154ms)
			ExecutionOrderSort (0ms)
			DisableScriptedObjects (7ms)
			BackupInstance (0ms)
			ReleaseScriptingObjects (0ms)
			CreateAndSetChildDomain (32ms)
		EndReloadAssembly (824ms)
			LoadAssemblies (84ms)
			RebuildTransferFunctionScriptingTraits (0ms)
			SetupTypeCache (214ms)
			ReleaseScriptCaches (1ms)
			RebuildScriptCaches (49ms)
			SetupLoadedEditorAssemblies (384ms)
				LogAssemblyErrors (0ms)
				InitializePlatformSupportModulesInManaged (15ms)
				SetLoadedEditorAssemblies (1ms)
				RefreshPlugins (1ms)
				BeforeProcessingInitializeOnLoad (56ms)
				ProcessInitializeOnLoadAttributes (268ms)
				ProcessInitializeOnLoadMethodAttributes (42ms)
				AfterProcessingInitializeOnLoad (3ms)
				EditorAssembliesLoaded (0ms)
			ExecutionOrderSort2 (0ms)
			AwakeInstancesAfterBackupRestoration (41ms)
Platform modules already initialized, skipping
Refreshing native plugins compatible for Editor in 0.82 ms, found 2 plugins.
Preloading 0 native plugins for Editor in 0.00 ms.
Unloading 2215 Unused Serialized files (Serialized files now loaded: 0)
Unloading 16 unused Assets / (95.3 KB). Loaded Objects now: 2809.
Memory consumption went from 91.4 MB to 91.3 MB.
Total: 4.373900 ms (FindLiveObjects: 0.320600 ms CreateObjectMapping: 0.114000 ms MarkObjects: 3.886500 ms  DeleteObjects: 0.051400 ms)

AssetImportParameters requested are different than current active one (requested -> active):
  custom:video-decoder-ogg-theora: a1e56fd34408186e4bbccfd4996cb3dc -> 
  custom:container-muxer-webm: aa71ff27fc2769a1b78a27578f13a17b -> 
  custom:container-demuxer-webm: 4f35f7cbe854078d1ac9338744f61a02 -> 
  custom:video-encoder-webm-vp8: eb34c28f22e8b96e1ab97ce403110664 -> 
  custom:audio-encoder-webm-vorbis: bf7c407c2cedff20999df2af8eb42d56 -> 
  custom:framework-win-MediaFoundation: 216162199b28c13a410421893ffa2e32 -> 
  custom:container-demuxer-ogg: 62fdf1f143b41e24485cea50d1cbac27 -> 
  custom:video-decoder-webm-vp8: 9c59270c3fd7afecdb556c50c9e8de78 -> 
  custom:audio-decoder-ogg-vorbis: bf7c407c2cedff20999df2af8eb42d56 -> 
========================================================================
Received Import Request.
  Time since last request: 9.758599 seconds.
  path: Assets/Code/LevelsLoader/LoadLevelSignal.cs
  artifactKey: Guid(0156b89d118a496bb943707301decf93) Importer(815301076,1909f56bfc062723c751e8b465ee728b)
Start importing Assets/Code/LevelsLoader/LoadLevelSignal.cs using Guid(0156b89d118a496bb943707301decf93) Importer(815301076,1909f56bfc062723c751e8b465ee728b)  -> (artifact id: '6d914fbd230778ff45156fe4d03780ef') in 0.007410 seconds 
========================================================================
Received Import Request.
  Time since last request: 2.167012 seconds.
  path: Assets/Code/LevelsLoader/LoadLevelSystem.cs
  artifactKey: Guid(f22f8fd76bf3450d8ce8fee3cb78447c) Importer(815301076,1909f56bfc062723c751e8b465ee728b)
Start importing Assets/Code/LevelsLoader/LoadLevelSystem.cs using Guid(f22f8fd76bf3450d8ce8fee3cb78447c) Importer(815301076,1909f56bfc062723c751e8b465ee728b)  -> (artifact id: '767e5dae2347f83fe0d8ba01f56a4184') in 0.001280 seconds 
========================================================================
Received Import Request.
  Time since last request: 105.894962 seconds.
  path: Assets/Code/MonoBehavioursComponent/Components
  artifactKey: Guid(eeb70c4f487742dc92ed612ed92e4cea) Importer(815301076,1909f56bfc062723c751e8b465ee728b)
Start importing Assets/Code/MonoBehavioursComponent/Components using Guid(eeb70c4f487742dc92ed612ed92e4cea) Importer(815301076,1909f56bfc062723c751e8b465ee728b)  -> (artifact id: '5cd27384e0b1d7cedcdb9a2de6ddf9b0') in 0.001295 seconds 
========================================================================
Received Import Request.
  Time since last request: 10.206694 seconds.
  path: Assets/Code/MonoBehavioursComponent/EntityRef.cs
  artifactKey: Guid(4d03a3d8fc854bcda23d3037314b4335) Importer(815301076,1909f56bfc062723c751e8b465ee728b)
Start importing Assets/Code/MonoBehavioursComponent/EntityRef.cs using Guid(4d03a3d8fc854bcda23d3037314b4335) Importer(815301076,1909f56bfc062723c751e8b465ee728b)  -> (artifact id: 'ae21ac3528be6c80358c9366d89fc5d9') in 0.001247 seconds 
========================================================================
Received Import Request.
  Time since last request: 4.045761 seconds.
  path: Assets/Code/MonoBehavioursComponent/MonoBehavioursEntity.cs
  artifactKey: Guid(d94322f13d3843d0881468c4472cc492) Importer(815301076,1909f56bfc062723c751e8b465ee728b)
Start importing Assets/Code/MonoBehavioursComponent/MonoBehavioursEntity.cs using Guid(d94322f13d3843d0881468c4472cc492) Importer(815301076,1909f56bfc062723c751e8b465ee728b)  -> (artifact id: '6016f208e5df5798b0c607a3cd9010e4') in 0.001268 seconds 
========================================================================
Received Import Request.
  Time since last request: 21.313415 seconds.
  path: Assets/Code/StatesSwitcher
  artifactKey: Guid(4dd7e91a330f475fad366c7cb5faf866) Importer(815301076,1909f56bfc062723c751e8b465ee728b)
Start importing Assets/Code/StatesSwitcher using Guid(4dd7e91a330f475fad366c7cb5faf866) Importer(815301076,1909f56bfc062723c751e8b465ee728b)  -> (artifact id: '1aa715afaafd2a0fec43e923cc9feff5') in 0.001350 seconds 
========================================================================
Received Import Request.
  Time since last request: 29.071066 seconds.
  path: Assets/Code/StatesSwitcher/GameStates.asmdef
  artifactKey: Guid(83afe920b97674f4382ae49156e15b73) Importer(815301076,1909f56bfc062723c751e8b465ee728b)
Start importing Assets/Code/StatesSwitcher/GameStates.asmdef using Guid(83afe920b97674f4382ae49156e15b73) Importer(815301076,1909f56bfc062723c751e8b465ee728b)  -> (artifact id: '3f753dc9a6657f203d91ee625e0cc205') in 0.001374 seconds 
========================================================================
Received Import Request.
  Time since last request: 90.461515 seconds.
  path: Assets/Code/StatesSwitcher/GameStates.asmdef
  artifactKey: Guid(83afe920b97674f4382ae49156e15b73) Importer(815301076,1909f56bfc062723c751e8b465ee728b)
Start importing Assets/Code/StatesSwitcher/GameStates.asmdef using Guid(83afe920b97674f4382ae49156e15b73) Importer(815301076,1909f56bfc062723c751e8b465ee728b)  -> (artifact id: '75c4236c333491ce21a7358043920dce') in 0.001290 seconds 
========================================================================
Received Import Request.
  Time since last request: 60.505061 seconds.
  path: Assets/Code/UI
  artifactKey: Guid(bdf915b57aa2749e29a4df947fdd8df2) Importer(815301076,1909f56bfc062723c751e8b465ee728b)
Start importing Assets/Code/UI using Guid(bdf915b57aa2749e29a4df947fdd8df2) Importer(815301076,1909f56bfc062723c751e8b465ee728b)  -> (artifact id: '313d6b009023de8cdce2d0b4d4afa518') in 0.001170 seconds 
========================================================================
Received Import Request.
  Time since last request: 8.917651 seconds.
  path: Assets/Code/UI/UI.asmdef
  artifactKey: Guid(7ce4ecb564a87478d82357046fab75ae) Importer(815301076,1909f56bfc062723c751e8b465ee728b)
Start importing Assets/Code/UI/UI.asmdef using Guid(7ce4ecb564a87478d82357046fab75ae) Importer(815301076,1909f56bfc062723c751e8b465ee728b)  -> (artifact id: '326aae4edab7e22377ed8498798b1281') in 0.001180 seconds 
========================================================================
Received Import Request.
  Time since last request: 38.846950 seconds.
  path: Assets/Code/UI/UI.asmdef
  artifactKey: Guid(7ce4ecb564a87478d82357046fab75ae) Importer(815301076,1909f56bfc062723c751e8b465ee728b)
Start importing Assets/Code/UI/UI.asmdef using Guid(7ce4ecb564a87478d82357046fab75ae) Importer(815301076,1909f56bfc062723c751e8b465ee728b)  -> (artifact id: 'bbae0ade70ec25a212c654ba2df1b916') in 0.001242 seconds 
========================================================================
Received Prepare
Registering precompiled user dll's ...
Registered in 0.002940 seconds.
Begin MonoManager ReloadAssembly
Native extension for WindowsStandalone target not found
Native extension for WebGL target not found
Refreshing native plugins compatible for Editor in 0.51 ms, found 2 plugins.
Preloading 0 native plugins for Editor in 0.00 ms.
Mono: successfully reloaded assembly
- Completed reload, in  1.105 seconds
Domain Reload Profiling:
	ReloadAssembly (1106ms)
		BeginReloadAssembly (162ms)
			ExecutionOrderSort (0ms)
			DisableScriptedObjects (8ms)
			BackupInstance (0ms)
			ReleaseScriptingObjects (0ms)
			CreateAndSetChildDomain (38ms)
		EndReloadAssembly (830ms)
			LoadAssemblies (87ms)
			RebuildTransferFunctionScriptingTraits (0ms)
			SetupTypeCache (222ms)
			ReleaseScriptCaches (1ms)
			RebuildScriptCaches (51ms)
			SetupLoadedEditorAssemblies (376ms)
				LogAssemblyErrors (0ms)
				InitializePlatformSupportModulesInManaged (15ms)
				SetLoadedEditorAssemblies (1ms)
				RefreshPlugins (1ms)
				BeforeProcessingInitializeOnLoad (58ms)
				ProcessInitializeOnLoadAttributes (258ms)
				ProcessInitializeOnLoadMethodAttributes (40ms)
				AfterProcessingInitializeOnLoad (3ms)
				EditorAssembliesLoaded (0ms)
			ExecutionOrderSort2 (0ms)
			AwakeInstancesAfterBackupRestoration (41ms)
Platform modules already initialized, skipping
Refreshing native plugins compatible for Editor in 0.67 ms, found 2 plugins.
Preloading 0 native plugins for Editor in 0.00 ms.
Unloading 2212 Unused Serialized files (Serialized files now loaded: 0)
Unloading 20 unused Assets / (95.3 KB). Loaded Objects now: 2820.
Memory consumption went from 91.3 MB to 91.2 MB.
Total: 5.108700 ms (FindLiveObjects: 0.278100 ms CreateObjectMapping: 0.067800 ms MarkObjects: 4.717200 ms  DeleteObjects: 0.043300 ms)

AssetImportParameters requested are different than current active one (requested -> active):
  custom:video-decoder-ogg-theora: a1e56fd34408186e4bbccfd4996cb3dc -> 
  custom:container-muxer-webm: aa71ff27fc2769a1b78a27578f13a17b -> 
  custom:container-demuxer-webm: 4f35f7cbe854078d1ac9338744f61a02 -> 
  custom:video-encoder-webm-vp8: eb34c28f22e8b96e1ab97ce403110664 -> 
  custom:audio-encoder-webm-vorbis: bf7c407c2cedff20999df2af8eb42d56 -> 
  custom:framework-win-MediaFoundation: 216162199b28c13a410421893ffa2e32 -> 
  custom:container-demuxer-ogg: 62fdf1f143b41e24485cea50d1cbac27 -> 
  custom:video-decoder-webm-vp8: 9c59270c3fd7afecdb556c50c9e8de78 -> 
  custom:audio-decoder-ogg-vorbis: bf7c407c2cedff20999df2af8eb42d56 -> 
========================================================================
Received Import Request.
  Time since last request: 20.598101 seconds.
  path: Assets/Scenes
  artifactKey: Guid(acf25be47abe6204aadfcf291dd85152) Importer(815301076,1909f56bfc062723c751e8b465ee728b)
Start importing Assets/Scenes using Guid(acf25be47abe6204aadfcf291dd85152) Importer(815301076,1909f56bfc062723c751e8b465ee728b)  -> (artifact id: 'eaacce0d36a9b3dc378dabad5ccac842') in 0.005007 seconds 
========================================================================
Received Import Request.
  Time since last request: 0.892557 seconds.
  path: Assets/Scenes/SampleScene.unity
  artifactKey: Guid(9fc0d4010bbf28b4594072e72b8655ab) Importer(815301076,1909f56bfc062723c751e8b465ee728b)
Start importing Assets/Scenes/SampleScene.unity using Guid(9fc0d4010bbf28b4594072e72b8655ab) Importer(815301076,1909f56bfc062723c751e8b465ee728b)  -> (artifact id: '17924a394a0a57556d62f45b27333f50') in 0.012564 seconds 
========================================================================
Received Prepare
Registering precompiled user dll's ...
Registered in 0.003087 seconds.
Begin MonoManager ReloadAssembly
Native extension for WindowsStandalone target not found
Native extension for WebGL target not found
Refreshing native plugins compatible for Editor in 0.46 ms, found 2 plugins.
Preloading 0 native plugins for Editor in 0.00 ms.
Mono: successfully reloaded assembly
- Completed reload, in  1.094 seconds
Domain Reload Profiling:
	ReloadAssembly (1095ms)
		BeginReloadAssembly (133ms)
			ExecutionOrderSort (0ms)
			DisableScriptedObjects (7ms)
			BackupInstance (0ms)
			ReleaseScriptingObjects (0ms)
			CreateAndSetChildDomain (33ms)
		EndReloadAssembly (847ms)
			LoadAssemblies (79ms)
			RebuildTransferFunctionScriptingTraits (0ms)
			SetupTypeCache (214ms)
			ReleaseScriptCaches (1ms)
			RebuildScriptCaches (50ms)
			SetupLoadedEditorAssemblies (403ms)
				LogAssemblyErrors (0ms)
				InitializePlatformSupportModulesInManaged (15ms)
				SetLoadedEditorAssemblies (1ms)
				RefreshPlugins (1ms)
				BeforeProcessingInitializeOnLoad (58ms)
				ProcessInitializeOnLoadAttributes (282ms)
				ProcessInitializeOnLoadMethodAttributes (43ms)
				AfterProcessingInitializeOnLoad (3ms)
				EditorAssembliesLoaded (0ms)
			ExecutionOrderSort2 (0ms)
			AwakeInstancesAfterBackupRestoration (42ms)
Platform modules already initialized, skipping
Refreshing native plugins compatible for Editor in 0.86 ms, found 2 plugins.
Preloading 0 native plugins for Editor in 0.00 ms.
Unloading 2212 Unused Serialized files (Serialized files now loaded: 0)
Unloading 16 unused Assets / (95.3 KB). Loaded Objects now: 2834.
Memory consumption went from 91.3 MB to 91.3 MB.
Total: 5.780600 ms (FindLiveObjects: 0.379600 ms CreateObjectMapping: 0.141100 ms MarkObjects: 5.176800 ms  DeleteObjects: 0.080900 ms)

AssetImportParameters requested are different than current active one (requested -> active):
  custom:video-decoder-ogg-theora: a1e56fd34408186e4bbccfd4996cb3dc -> 
  custom:container-muxer-webm: aa71ff27fc2769a1b78a27578f13a17b -> 
  custom:container-demuxer-webm: 4f35f7cbe854078d1ac9338744f61a02 -> 
  custom:video-encoder-webm-vp8: eb34c28f22e8b96e1ab97ce403110664 -> 
  custom:audio-encoder-webm-vorbis: bf7c407c2cedff20999df2af8eb42d56 -> 
  custom:framework-win-MediaFoundation: 216162199b28c13a410421893ffa2e32 -> 
  custom:container-demuxer-ogg: 62fdf1f143b41e24485cea50d1cbac27 -> 
  custom:video-decoder-webm-vp8: 9c59270c3fd7afecdb556c50c9e8de78 -> 
  custom:audio-decoder-ogg-vorbis: bf7c407c2cedff20999df2af8eb42d56 -> 
========================================================================
Received Import Request.
  Time since last request: 34.719971 seconds.
  path: Assets/Prefabs/Levels/Level1.prefab
  artifactKey: Guid(cbbe448d7bf7e314bbfe63425e6002cb) Importer(815301076,1909f56bfc062723c751e8b465ee728b)
Start importing Assets/Prefabs/Levels/Level1.prefab using Guid(cbbe448d7bf7e314bbfe63425e6002cb) Importer(815301076,1909f56bfc062723c751e8b465ee728b)  -> (artifact id: '906302fa55082db6b50351ad9fa1c138') in 0.034732 seconds 
========================================================================
Received Import Request.
  Time since last request: 4.120191 seconds.
  path: Assets/Prefabs/UI
  artifactKey: Guid(32a10b2e59bd24ce0bda6b1e7658f356) Importer(815301076,1909f56bfc062723c751e8b465ee728b)
Start importing Assets/Prefabs/UI using Guid(32a10b2e59bd24ce0bda6b1e7658f356) Importer(815301076,1909f56bfc062723c751e8b465ee728b)  -> (artifact id: '3e108dc4f33c7cce185c02a066c61e93') in 0.001124 seconds 
========================================================================
Received Import Request.
  Time since last request: 0.484047 seconds.
  path: Assets/Prefabs/UI/GameplayScreen.prefab
  artifactKey: Guid(b44464d198c08b7489957ec261c127f9) Importer(815301076,1909f56bfc062723c751e8b465ee728b)
Start importing Assets/Prefabs/UI/GameplayScreen.prefab using Guid(b44464d198c08b7489957ec261c127f9) Importer(815301076,1909f56bfc062723c751e8b465ee728b)  -> (artifact id: '04dc0301cbaf69828d0e8d3d7272d0e2') in 0.061325 seconds 
========================================================================
Received Import Request.
  Time since last request: 8.640314 seconds.
  path: Assets
  artifactKey: Guid(00000000000000001000000000000000) Importer(815301076,1909f56bfc062723c751e8b465ee728b)
Start importing Assets using Guid(00000000000000001000000000000000) Importer(815301076,1909f56bfc062723c751e8b465ee728b)  -> (artifact id: '79842766b460edbeab6a34051e857a80') in 0.001287 seconds 
========================================================================
Received Prepare
Registering precompiled user dll's ...
Registered in 0.003145 seconds.
Begin MonoManager ReloadAssembly
Native extension for WindowsStandalone target not found
Native extension for WebGL target not found
Refreshing native plugins compatible for Editor in 0.55 ms, found 2 plugins.
Preloading 0 native plugins for Editor in 0.00 ms.
Mono: successfully reloaded assembly
- Completed reload, in  1.087 seconds
Domain Reload Profiling:
	ReloadAssembly (1088ms)
		BeginReloadAssembly (135ms)
			ExecutionOrderSort (0ms)
			DisableScriptedObjects (6ms)
			BackupInstance (0ms)
			ReleaseScriptingObjects (0ms)
			CreateAndSetChildDomain (33ms)
		EndReloadAssembly (843ms)
			LoadAssemblies (84ms)
			RebuildTransferFunctionScriptingTraits (0ms)
			SetupTypeCache (226ms)
			ReleaseScriptCaches (1ms)
			RebuildScriptCaches (51ms)
			SetupLoadedEditorAssemblies (385ms)
				LogAssemblyErrors (0ms)
				InitializePlatformSupportModulesInManaged (16ms)
				SetLoadedEditorAssemblies (0ms)
				RefreshPlugins (1ms)
				BeforeProcessingInitializeOnLoad (58ms)
				ProcessInitializeOnLoadAttributes (265ms)
				ProcessInitializeOnLoadMethodAttributes (40ms)
				AfterProcessingInitializeOnLoad (3ms)
				EditorAssembliesLoaded (0ms)
			ExecutionOrderSort2 (0ms)
			AwakeInstancesAfterBackupRestoration (42ms)
Platform modules already initialized, skipping
Refreshing native plugins compatible for Editor in 0.87 ms, found 2 plugins.
Preloading 0 native plugins for Editor in 0.00 ms.
Unloading 2212 Unused Serialized files (Serialized files now loaded: 0)
Unloading 18 unused Assets / (96.9 KB). Loaded Objects now: 2848.
Memory consumption went from 91.3 MB to 91.2 MB.
Total: 5.328900 ms (FindLiveObjects: 0.277100 ms CreateObjectMapping: 0.068900 ms MarkObjects: 4.924800 ms  DeleteObjects: 0.056500 ms)

AssetImportParameters requested are different than current active one (requested -> active):
  custom:video-decoder-ogg-theora: a1e56fd34408186e4bbccfd4996cb3dc -> 
  custom:container-muxer-webm: aa71ff27fc2769a1b78a27578f13a17b -> 
  custom:container-demuxer-webm: 4f35f7cbe854078d1ac9338744f61a02 -> 
  custom:video-encoder-webm-vp8: eb34c28f22e8b96e1ab97ce403110664 -> 
  custom:audio-encoder-webm-vorbis: bf7c407c2cedff20999df2af8eb42d56 -> 
  custom:framework-win-MediaFoundation: 216162199b28c13a410421893ffa2e32 -> 
  custom:container-demuxer-ogg: 62fdf1f143b41e24485cea50d1cbac27 -> 
  custom:video-decoder-webm-vp8: 9c59270c3fd7afecdb556c50c9e8de78 -> 
  custom:audio-decoder-ogg-vorbis: bf7c407c2cedff20999df2af8eb42d56 -> 
========================================================================
Received Prepare
Registering precompiled user dll's ...
Registered in 0.003296 seconds.
Begin MonoManager ReloadAssembly
Native extension for WindowsStandalone target not found
Native extension for WebGL target not found
Refreshing native plugins compatible for Editor in 0.48 ms, found 2 plugins.
Preloading 0 native plugins for Editor in 0.00 ms.
Mono: successfully reloaded assembly
- Completed reload, in  1.080 seconds
Domain Reload Profiling:
	ReloadAssembly (1081ms)
		BeginReloadAssembly (140ms)
			ExecutionOrderSort (0ms)
			DisableScriptedObjects (8ms)
			BackupInstance (0ms)
			ReleaseScriptingObjects (0ms)
			CreateAndSetChildDomain (32ms)
		EndReloadAssembly (832ms)
			LoadAssemblies (80ms)
			RebuildTransferFunctionScriptingTraits (0ms)
			SetupTypeCache (208ms)
			ReleaseScriptCaches (1ms)
			RebuildScriptCaches (49ms)
			SetupLoadedEditorAssemblies (392ms)
				LogAssemblyErrors (0ms)
				InitializePlatformSupportModulesInManaged (15ms)
				SetLoadedEditorAssemblies (0ms)
				RefreshPlugins (1ms)
				BeforeProcessingInitializeOnLoad (54ms)
				ProcessInitializeOnLoadAttributes (277ms)
				ProcessInitializeOnLoadMethodAttributes (40ms)
				AfterProcessingInitializeOnLoad (4ms)
				EditorAssembliesLoaded (0ms)
			ExecutionOrderSort2 (0ms)
			AwakeInstancesAfterBackupRestoration (46ms)
Platform modules already initialized, skipping
Refreshing native plugins compatible for Editor in 0.77 ms, found 2 plugins.
Preloading 0 native plugins for Editor in 0.00 ms.
Unloading 2212 Unused Serialized files (Serialized files now loaded: 0)
Unloading 16 unused Assets / (95.4 KB). Loaded Objects now: 2862.
Memory consumption went from 91.4 MB to 91.3 MB.
Total: 6.051800 ms (FindLiveObjects: 0.336900 ms CreateObjectMapping: 0.112300 ms MarkObjects: 5.533300 ms  DeleteObjects: 0.067600 ms)

AssetImportParameters requested are different than current active one (requested -> active):
  custom:video-decoder-ogg-theora: a1e56fd34408186e4bbccfd4996cb3dc -> 
  custom:container-muxer-webm: aa71ff27fc2769a1b78a27578f13a17b -> 
  custom:container-demuxer-webm: 4f35f7cbe854078d1ac9338744f61a02 -> 
  custom:video-encoder-webm-vp8: eb34c28f22e8b96e1ab97ce403110664 -> 
  custom:audio-encoder-webm-vorbis: bf7c407c2cedff20999df2af8eb42d56 -> 
  custom:framework-win-MediaFoundation: 216162199b28c13a410421893ffa2e32 -> 
  custom:container-demuxer-ogg: 62fdf1f143b41e24485cea50d1cbac27 -> 
  custom:video-decoder-webm-vp8: 9c59270c3fd7afecdb556c50c9e8de78 -> 
  custom:audio-decoder-ogg-vorbis: bf7c407c2cedff20999df2af8eb42d56 -> 
